<?xml version="1.0" encoding="UTF-8"?>
<coverage generated="1575744182517" clover="3.2.0">
  <project timestamp="1575744182517" name="All files">
    <metrics statements="45" coveredstatements="45" conditionals="0" coveredconditionals="0" methods="6" coveredmethods="6" elements="51" coveredelements="51" complexity="0" loc="45" ncloc="45" packages="1" files="5" classes="5"/>
    <file name="blog.js" path="C:\Users\Kamcio\Desktop\blogging.me\backend\model\blog.js">
      <metrics statements="8" coveredstatements="8" conditionals="0" coveredconditionals="0" methods="1" coveredmethods="1"/>
      <line num="1" count="1" type="stmt"/>
      <line num="2" count="1" type="stmt"/>
      <line num="4" count="1" type="stmt"/>
      <line num="23" count="1" type="stmt"/>
      <line num="26" count="6" type="stmt"/>
      <line num="32" count="6" type="stmt"/>
      <line num="35" count="1" type="stmt"/>
      <line num="36" count="1" type="stmt"/>
    </file>
    <file name="comment.js" path="C:\Users\Kamcio\Desktop\blogging.me\backend\model\comment.js">
      <metrics statements="8" coveredstatements="8" conditionals="0" coveredconditionals="0" methods="1" coveredmethods="1"/>
      <line num="1" count="1" type="stmt"/>
      <line num="2" count="1" type="stmt"/>
      <line num="4" count="1" type="stmt"/>
      <line num="19" count="1" type="stmt"/>
      <line num="22" count="9" type="stmt"/>
      <line num="27" count="9" type="stmt"/>
      <line num="30" count="1" type="stmt"/>
      <line num="31" count="1" type="stmt"/>
    </file>
    <file name="customization.js" path="C:\Users\Kamcio\Desktop\blogging.me\backend\model\customization.js">
      <metrics statements="8" coveredstatements="8" conditionals="0" coveredconditionals="0" methods="1" coveredmethods="1"/>
      <line num="1" count="1" type="stmt"/>
      <line num="2" count="1" type="stmt"/>
      <line num="4" count="1" type="stmt"/>
      <line num="15" count="1" type="stmt"/>
      <line num="18" count="7" type="stmt"/>
      <line num="22" count="7" type="stmt"/>
      <line num="25" count="1" type="stmt"/>
      <line num="26" count="1" type="stmt"/>
    </file>
    <file name="post.js" path="C:\Users\Kamcio\Desktop\blogging.me\backend\model\post.js">
      <metrics statements="8" coveredstatements="8" conditionals="0" coveredconditionals="0" methods="1" coveredmethods="1"/>
      <line num="1" count="1" type="stmt"/>
      <line num="2" count="1" type="stmt"/>
      <line num="4" count="1" type="stmt"/>
      <line num="34" count="1" type="stmt"/>
      <line num="37" count="12" type="stmt"/>
      <line num="43" count="12" type="stmt"/>
      <line num="46" count="1" type="stmt"/>
      <line num="47" count="1" type="stmt"/>
    </file>
    <file name="user.js" path="C:\Users\Kamcio\Desktop\blogging.me\backend\model\user.js">
      <metrics statements="13" coveredstatements="13" conditionals="0" coveredconditionals="0" methods="2" coveredmethods="2"/>
      <line num="1" count="1" type="stmt"/>
      <line num="2" count="1" type="stmt"/>
      <line num="3" count="1" type="stmt"/>
      <line num="4" count="1" type="stmt"/>
      <line num="6" count="1" type="stmt"/>
      <line num="47" count="1" type="stmt"/>
      <line num="48" count="1" type="stmt"/>
      <line num="50" count="1" type="stmt"/>
      <line num="62" count="1" type="stmt"/>
      <line num="65" count="22" type="stmt"/>
      <line num="84" count="22" type="stmt"/>
      <line num="87" count="1" type="stmt"/>
      <line num="88" count="1" type="stmt"/>
    </file>
  </project>
</coverage>
