{"C:\\Users\\Kamcio\\Desktop\\blogging.me\\backend\\model\\blog.js": {"path":"C:\\Users\\Kamcio\\Desktop\\blogging.me\\backend\\model\\blog.js","statementMap":{"0":{"start":{"line":1,"column":17},"end":{"line":1,"column":36}},"1":{"start":{"line":2,"column":12},"end":{"line":2,"column":26}},"2":{"start":{"line":4,"column":19},"end":{"line":21,"column":2}},"3":{"start":{"line":23,"column":13},"end":{"line":23,"column":47}},"4":{"start":{"line":26,"column":17},"end":{"line":31,"column":3}},"5":{"start":{"line":32,"column":2},"end":{"line":32,"column":36}},"6":{"start":{"line":35,"column":0},"end":{"line":35,"column":27}},"7":{"start":{"line":36,"column":0},"end":{"line":36,"column":39}}},"fnMap":{"0":{"name":"validateBlog","decl":{"start":{"line":25,"column":9},"end":{"line":25,"column":21}},"loc":{"start":{"line":25,"column":28},"end":{"line":33,"column":1}},"line":25}},"branchMap":{},"s":{"0":1,"1":1,"2":1,"3":1,"4":6,"5":6,"6":1,"7":1},"f":{"0":6},"b":{},"_coverageSchema":"43e27e138ebf9cfc5966b082cf9a028302ed4184","hash":"9a8fda03cdc1641150665ece5ca31dfe9c1e6b02"}
,"C:\\Users\\Kamcio\\Desktop\\blogging.me\\backend\\model\\comment.js": {"path":"C:\\Users\\Kamcio\\Desktop\\blogging.me\\backend\\model\\comment.js","statementMap":{"0":{"start":{"line":1,"column":17},"end":{"line":1,"column":36}},"1":{"start":{"line":2,"column":12},"end":{"line":2,"column":26}},"2":{"start":{"line":4,"column":22},"end":{"line":17,"column":2}},"3":{"start":{"line":19,"column":16},"end":{"line":19,"column":56}},"4":{"start":{"line":22,"column":17},"end":{"line":26,"column":3}},"5":{"start":{"line":27,"column":2},"end":{"line":27,"column":39}},"6":{"start":{"line":30,"column":0},"end":{"line":30,"column":33}},"7":{"start":{"line":31,"column":0},"end":{"line":31,"column":42}}},"fnMap":{"0":{"name":"validateComment","decl":{"start":{"line":21,"column":9},"end":{"line":21,"column":24}},"loc":{"start":{"line":21,"column":34},"end":{"line":28,"column":1}},"line":21}},"branchMap":{},"s":{"0":1,"1":1,"2":1,"3":1,"4":9,"5":9,"6":1,"7":1},"f":{"0":9},"b":{},"_coverageSchema":"43e27e138ebf9cfc5966b082cf9a028302ed4184","hash":"2cb58596a50467e2dbd9f8a27ebc366e0e4c7db6"}
,"C:\\Users\\Kamcio\\Desktop\\blogging.me\\backend\\model\\customization.js": {"path":"C:\\Users\\Kamcio\\Desktop\\blogging.me\\backend\\model\\customization.js","statementMap":{"0":{"start":{"line":1,"column":17},"end":{"line":1,"column":36}},"1":{"start":{"line":2,"column":12},"end":{"line":2,"column":26}},"2":{"start":{"line":4,"column":28},"end":{"line":13,"column":2}},"3":{"start":{"line":15,"column":22},"end":{"line":15,"column":74}},"4":{"start":{"line":18,"column":17},"end":{"line":21,"column":3}},"5":{"start":{"line":22,"column":2},"end":{"line":22,"column":45}},"6":{"start":{"line":25,"column":0},"end":{"line":25,"column":45}},"7":{"start":{"line":26,"column":0},"end":{"line":26,"column":48}}},"fnMap":{"0":{"name":"validateCustomization","decl":{"start":{"line":17,"column":9},"end":{"line":17,"column":30}},"loc":{"start":{"line":17,"column":46},"end":{"line":23,"column":1}},"line":17}},"branchMap":{},"s":{"0":1,"1":1,"2":1,"3":1,"4":7,"5":7,"6":1,"7":1},"f":{"0":7},"b":{},"_coverageSchema":"43e27e138ebf9cfc5966b082cf9a028302ed4184","hash":"b14652807d973ecd4243cf12bae4d2d5b3ae405a"}
,"C:\\Users\\Kamcio\\Desktop\\blogging.me\\backend\\model\\post.js": {"path":"C:\\Users\\Kamcio\\Desktop\\blogging.me\\backend\\model\\post.js","statementMap":{"0":{"start":{"line":1,"column":17},"end":{"line":1,"column":36}},"1":{"start":{"line":2,"column":12},"end":{"line":2,"column":26}},"2":{"start":{"line":4,"column":19},"end":{"line":32,"column":2}},"3":{"start":{"line":34,"column":13},"end":{"line":34,"column":47}},"4":{"start":{"line":37,"column":17},"end":{"line":42,"column":3}},"5":{"start":{"line":43,"column":2},"end":{"line":43,"column":36}},"6":{"start":{"line":46,"column":0},"end":{"line":46,"column":27}},"7":{"start":{"line":47,"column":0},"end":{"line":47,"column":39}}},"fnMap":{"0":{"name":"validatePost","decl":{"start":{"line":36,"column":9},"end":{"line":36,"column":21}},"loc":{"start":{"line":36,"column":28},"end":{"line":44,"column":1}},"line":36}},"branchMap":{},"s":{"0":1,"1":1,"2":1,"3":1,"4":12,"5":12,"6":1,"7":1},"f":{"0":12},"b":{},"_coverageSchema":"43e27e138ebf9cfc5966b082cf9a028302ed4184","hash":"916979c37e7a2a99a5d4fd5f31850a2db6d3430f"}
,"C:\\Users\\Kamcio\\Desktop\\blogging.me\\backend\\model\\user.js": {"path":"C:\\Users\\Kamcio\\Desktop\\blogging.me\\backend\\model\\user.js","statementMap":{"0":{"start":{"line":1,"column":17},"end":{"line":1,"column":36}},"1":{"start":{"line":2,"column":12},"end":{"line":2,"column":26}},"2":{"start":{"line":3,"column":12},"end":{"line":3,"column":35}},"3":{"start":{"line":4,"column":15},"end":{"line":4,"column":32}},"4":{"start":{"line":6,"column":19},"end":{"line":45,"column":2}},"5":{"start":{"line":47,"column":0},"end":{"line":60,"column":2}},"6":{"start":{"line":48,"column":18},"end":{"line":48,"column":48}},"7":{"start":{"line":50,"column":2},"end":{"line":59,"column":4}},"8":{"start":{"line":62,"column":13},"end":{"line":62,"column":47}},"9":{"start":{"line":65,"column":17},"end":{"line":83,"column":3}},"10":{"start":{"line":84,"column":2},"end":{"line":84,"column":36}},"11":{"start":{"line":87,"column":0},"end":{"line":87,"column":27}},"12":{"start":{"line":88,"column":0},"end":{"line":88,"column":39}}},"fnMap":{"0":{"name":"(anonymous_0)","decl":{"start":{"line":47,"column":35},"end":{"line":47,"column":36}},"loc":{"start":{"line":47,"column":46},"end":{"line":60,"column":1}},"line":47},"1":{"name":"validateUser","decl":{"start":{"line":64,"column":9},"end":{"line":64,"column":21}},"loc":{"start":{"line":64,"column":28},"end":{"line":85,"column":1}},"line":64}},"branchMap":{},"s":{"0":1,"1":1,"2":1,"3":1,"4":1,"5":1,"6":1,"7":1,"8":1,"9":22,"10":22,"11":1,"12":1},"f":{"0":1,"1":22},"b":{},"_coverageSchema":"43e27e138ebf9cfc5966b082cf9a028302ed4184","hash":"4e34f2dd0e48687298ee56441e0a4dcf51e82dd4"}
}
