{"C:\\Users\\Kamcio\\Desktop\\blogging.me\\backend\\index.js": {"path":"C:\\Users\\Kamcio\\Desktop\\blogging.me\\backend\\index.js","statementMap":{"0":{"start":{"line":1,"column":16},"end":{"line":1,"column":34}},"1":{"start":{"line":2,"column":16},"end":{"line":2,"column":34}},"2":{"start":{"line":3,"column":12},"end":{"line":3,"column":21}},"3":{"start":{"line":5,"column":0},"end":{"line":5,"column":31}},"4":{"start":{"line":6,"column":0},"end":{"line":6,"column":33}},"5":{"start":{"line":7,"column":0},"end":{"line":7,"column":26}},"6":{"start":{"line":8,"column":0},"end":{"line":8,"column":30}},"7":{"start":{"line":9,"column":0},"end":{"line":9,"column":34}},"8":{"start":{"line":11,"column":13},"end":{"line":11,"column":72}},"9":{"start":{"line":12,"column":0},"end":{"line":12,"column":69}},"10":{"start":{"line":12,"column":23},"end":{"line":12,"column":67}},"11":{"start":{"line":14,"column":0},"end":{"line":14,"column":25}}},"fnMap":{"0":{"name":"(anonymous_0)","decl":{"start":{"line":12,"column":17},"end":{"line":12,"column":18}},"loc":{"start":{"line":12,"column":23},"end":{"line":12,"column":67}},"line":12}},"branchMap":{"0":{"loc":{"start":{"line":11,"column":13},"end":{"line":11,"column":72}},"type":"binary-expr","locations":[{"start":{"line":11,"column":13},"end":{"line":11,"column":29}},{"start":{"line":11,"column":33},"end":{"line":11,"column":72}}],"line":11}},"s":{"0":6,"1":6,"2":6,"3":6,"4":6,"5":6,"6":6,"7":6,"8":6,"9":6,"10":6,"11":6},"f":{"0":6},"b":{"0":[6,6]},"_coverageSchema":"43e27e138ebf9cfc5966b082cf9a028302ed4184","hash":"f57fd65806386289f2872c110ab38faf16fa2f21"}
,"C:\\Users\\Kamcio\\Desktop\\blogging.me\\backend\\middleware\\auth.js": {"path":"C:\\Users\\Kamcio\\Desktop\\blogging.me\\backend\\middleware\\auth.js","statementMap":{"0":{"start":{"line":1,"column":12},"end":{"line":1,"column":35}},"1":{"start":{"line":2,"column":15},"end":{"line":2,"column":32}},"2":{"start":{"line":4,"column":0},"end":{"line":23,"column":2}},"3":{"start":{"line":5,"column":2},"end":{"line":7,"column":3}},"4":{"start":{"line":6,"column":4},"end":{"line":6,"column":49}},"5":{"start":{"line":8,"column":23},"end":{"line":11,"column":3}},"6":{"start":{"line":12,"column":16},"end":{"line":12,"column":36}},"7":{"start":{"line":13,"column":2},"end":{"line":22,"column":3}},"8":{"start":{"line":14,"column":4},"end":{"line":18,"column":5}},"9":{"start":{"line":15,"column":6},"end":{"line":15,"column":66}},"10":{"start":{"line":16,"column":6},"end":{"line":16,"column":70}},"11":{"start":{"line":17,"column":6},"end":{"line":17,"column":20}},"12":{"start":{"line":19,"column":4},"end":{"line":19,"column":18}},"13":{"start":{"line":21,"column":4},"end":{"line":21,"column":50}}},"fnMap":{"0":{"name":"(anonymous_0)","decl":{"start":{"line":4,"column":17},"end":{"line":4,"column":18}},"loc":{"start":{"line":4,"column":43},"end":{"line":23,"column":1}},"line":4}},"branchMap":{"0":{"loc":{"start":{"line":5,"column":2},"end":{"line":7,"column":3}},"type":"if","locations":[{"start":{"line":5,"column":2},"end":{"line":7,"column":3}},{"start":{"line":5,"column":2},"end":{"line":7,"column":3}}],"line":5},"1":{"loc":{"start":{"line":13,"column":2},"end":{"line":22,"column":3}},"type":"if","locations":[{"start":{"line":13,"column":2},"end":{"line":22,"column":3}},{"start":{"line":13,"column":2},"end":{"line":22,"column":3}}],"line":13},"2":{"loc":{"start":{"line":14,"column":4},"end":{"line":18,"column":5}},"type":"if","locations":[{"start":{"line":14,"column":4},"end":{"line":18,"column":5}},{"start":{"line":14,"column":4},"end":{"line":18,"column":5}}],"line":14}},"s":{"0":6,"1":6,"2":6,"3":86,"4":18,"5":68,"6":68,"7":68,"8":68,"9":0,"10":0,"11":0,"12":68,"13":0},"f":{"0":86},"b":{"0":[18,68],"1":[68,0],"2":[0,68]},"_coverageSchema":"43e27e138ebf9cfc5966b082cf9a028302ed4184","hash":"d191044db269b3a0e042286d1edb791276de5edd"}
,"C:\\Users\\Kamcio\\Desktop\\blogging.me\\backend\\middleware\\validateObjectId.js": {"path":"C:\\Users\\Kamcio\\Desktop\\blogging.me\\backend\\middleware\\validateObjectId.js","statementMap":{"0":{"start":{"line":1,"column":17},"end":{"line":1,"column":36}},"1":{"start":{"line":3,"column":0},"end":{"line":8,"column":2}},"2":{"start":{"line":4,"column":2},"end":{"line":6,"column":3}},"3":{"start":{"line":5,"column":4},"end":{"line":5,"column":46}},"4":{"start":{"line":7,"column":2},"end":{"line":7,"column":9}}},"fnMap":{"0":{"name":"(anonymous_0)","decl":{"start":{"line":3,"column":17},"end":{"line":3,"column":18}},"loc":{"start":{"line":3,"column":43},"end":{"line":8,"column":1}},"line":3}},"branchMap":{"0":{"loc":{"start":{"line":4,"column":2},"end":{"line":6,"column":3}},"type":"if","locations":[{"start":{"line":4,"column":2},"end":{"line":6,"column":3}},{"start":{"line":4,"column":2},"end":{"line":6,"column":3}}],"line":4}},"s":{"0":6,"1":6,"2":77,"3":22,"4":55},"f":{"0":77},"b":{"0":[22,55]},"_coverageSchema":"43e27e138ebf9cfc5966b082cf9a028302ed4184","hash":"9fb3b536fd599e177528b7e6ab0433cbd23e149a"}
,"C:\\Users\\Kamcio\\Desktop\\blogging.me\\backend\\model\\blog.js": {"path":"C:\\Users\\Kamcio\\Desktop\\blogging.me\\backend\\model\\blog.js","statementMap":{"0":{"start":{"line":1,"column":17},"end":{"line":1,"column":36}},"1":{"start":{"line":2,"column":12},"end":{"line":2,"column":26}},"2":{"start":{"line":4,"column":19},"end":{"line":21,"column":2}},"3":{"start":{"line":23,"column":13},"end":{"line":23,"column":47}},"4":{"start":{"line":26,"column":17},"end":{"line":31,"column":3}},"5":{"start":{"line":32,"column":2},"end":{"line":32,"column":36}},"6":{"start":{"line":35,"column":0},"end":{"line":35,"column":27}},"7":{"start":{"line":36,"column":0},"end":{"line":36,"column":39}}},"fnMap":{"0":{"name":"validateBlog","decl":{"start":{"line":25,"column":9},"end":{"line":25,"column":21}},"loc":{"start":{"line":25,"column":28},"end":{"line":33,"column":1}},"line":25}},"branchMap":{},"s":{"0":7,"1":7,"2":7,"3":7,"4":15,"5":15,"6":7,"7":7},"f":{"0":15},"b":{},"_coverageSchema":"43e27e138ebf9cfc5966b082cf9a028302ed4184","hash":"9a8fda03cdc1641150665ece5ca31dfe9c1e6b02"}
,"C:\\Users\\Kamcio\\Desktop\\blogging.me\\backend\\model\\comment.js": {"path":"C:\\Users\\Kamcio\\Desktop\\blogging.me\\backend\\model\\comment.js","statementMap":{"0":{"start":{"line":1,"column":17},"end":{"line":1,"column":36}},"1":{"start":{"line":2,"column":12},"end":{"line":2,"column":26}},"2":{"start":{"line":4,"column":22},"end":{"line":17,"column":2}},"3":{"start":{"line":19,"column":16},"end":{"line":19,"column":56}},"4":{"start":{"line":22,"column":17},"end":{"line":26,"column":3}},"5":{"start":{"line":27,"column":2},"end":{"line":27,"column":39}},"6":{"start":{"line":30,"column":0},"end":{"line":30,"column":33}},"7":{"start":{"line":31,"column":0},"end":{"line":31,"column":42}}},"fnMap":{"0":{"name":"validateComment","decl":{"start":{"line":21,"column":9},"end":{"line":21,"column":24}},"loc":{"start":{"line":21,"column":34},"end":{"line":28,"column":1}},"line":21}},"branchMap":{},"s":{"0":7,"1":7,"2":7,"3":7,"4":15,"5":15,"6":7,"7":7},"f":{"0":15},"b":{},"_coverageSchema":"43e27e138ebf9cfc5966b082cf9a028302ed4184","hash":"2cb58596a50467e2dbd9f8a27ebc366e0e4c7db6"}
,"C:\\Users\\Kamcio\\Desktop\\blogging.me\\backend\\model\\customization.js": {"path":"C:\\Users\\Kamcio\\Desktop\\blogging.me\\backend\\model\\customization.js","statementMap":{"0":{"start":{"line":1,"column":17},"end":{"line":1,"column":36}},"1":{"start":{"line":2,"column":12},"end":{"line":2,"column":26}},"2":{"start":{"line":4,"column":28},"end":{"line":13,"column":2}},"3":{"start":{"line":15,"column":22},"end":{"line":15,"column":74}},"4":{"start":{"line":18,"column":17},"end":{"line":21,"column":3}},"5":{"start":{"line":22,"column":2},"end":{"line":22,"column":45}},"6":{"start":{"line":25,"column":0},"end":{"line":25,"column":45}},"7":{"start":{"line":26,"column":0},"end":{"line":26,"column":48}}},"fnMap":{"0":{"name":"validateCustomization","decl":{"start":{"line":17,"column":9},"end":{"line":17,"column":30}},"loc":{"start":{"line":17,"column":46},"end":{"line":23,"column":1}},"line":17}},"branchMap":{},"s":{"0":7,"1":7,"2":7,"3":7,"4":12,"5":12,"6":7,"7":7},"f":{"0":12},"b":{},"_coverageSchema":"43e27e138ebf9cfc5966b082cf9a028302ed4184","hash":"b14652807d973ecd4243cf12bae4d2d5b3ae405a"}
,"C:\\Users\\Kamcio\\Desktop\\blogging.me\\backend\\model\\post.js": {"path":"C:\\Users\\Kamcio\\Desktop\\blogging.me\\backend\\model\\post.js","statementMap":{"0":{"start":{"line":1,"column":17},"end":{"line":1,"column":36}},"1":{"start":{"line":2,"column":12},"end":{"line":2,"column":26}},"2":{"start":{"line":4,"column":19},"end":{"line":32,"column":2}},"3":{"start":{"line":34,"column":13},"end":{"line":34,"column":47}},"4":{"start":{"line":37,"column":17},"end":{"line":42,"column":3}},"5":{"start":{"line":43,"column":2},"end":{"line":43,"column":36}},"6":{"start":{"line":46,"column":0},"end":{"line":46,"column":27}},"7":{"start":{"line":47,"column":0},"end":{"line":47,"column":39}}},"fnMap":{"0":{"name":"validatePost","decl":{"start":{"line":36,"column":9},"end":{"line":36,"column":21}},"loc":{"start":{"line":36,"column":28},"end":{"line":44,"column":1}},"line":36}},"branchMap":{},"s":{"0":7,"1":7,"2":7,"3":7,"4":18,"5":18,"6":7,"7":7},"f":{"0":18},"b":{},"_coverageSchema":"43e27e138ebf9cfc5966b082cf9a028302ed4184","hash":"916979c37e7a2a99a5d4fd5f31850a2db6d3430f"}
,"C:\\Users\\Kamcio\\Desktop\\blogging.me\\backend\\model\\reaction.js": {"path":"C:\\Users\\Kamcio\\Desktop\\blogging.me\\backend\\model\\reaction.js","statementMap":{"0":{"start":{"line":1,"column":17},"end":{"line":1,"column":36}},"1":{"start":{"line":3,"column":23},"end":{"line":16,"column":2}},"2":{"start":{"line":18,"column":17},"end":{"line":18,"column":59}},"3":{"start":{"line":20,"column":0},"end":{"line":20,"column":35}}},"fnMap":{},"branchMap":{},"s":{"0":6,"1":6,"2":6,"3":6},"f":{},"b":{},"_coverageSchema":"43e27e138ebf9cfc5966b082cf9a028302ed4184","hash":"5ce12b2e666df0a9b06ff66fe089c15e25e0748f"}
,"C:\\Users\\Kamcio\\Desktop\\blogging.me\\backend\\model\\user.js": {"path":"C:\\Users\\Kamcio\\Desktop\\blogging.me\\backend\\model\\user.js","statementMap":{"0":{"start":{"line":1,"column":17},"end":{"line":1,"column":36}},"1":{"start":{"line":2,"column":12},"end":{"line":2,"column":26}},"2":{"start":{"line":3,"column":12},"end":{"line":3,"column":35}},"3":{"start":{"line":4,"column":15},"end":{"line":4,"column":32}},"4":{"start":{"line":6,"column":19},"end":{"line":45,"column":2}},"5":{"start":{"line":47,"column":0},"end":{"line":60,"column":2}},"6":{"start":{"line":48,"column":18},"end":{"line":48,"column":48}},"7":{"start":{"line":50,"column":2},"end":{"line":59,"column":4}},"8":{"start":{"line":62,"column":13},"end":{"line":62,"column":47}},"9":{"start":{"line":65,"column":17},"end":{"line":83,"column":3}},"10":{"start":{"line":84,"column":2},"end":{"line":84,"column":36}},"11":{"start":{"line":87,"column":0},"end":{"line":87,"column":27}},"12":{"start":{"line":88,"column":0},"end":{"line":88,"column":39}}},"fnMap":{"0":{"name":"(anonymous_0)","decl":{"start":{"line":47,"column":35},"end":{"line":47,"column":36}},"loc":{"start":{"line":47,"column":46},"end":{"line":60,"column":1}},"line":47},"1":{"name":"validateUser","decl":{"start":{"line":64,"column":9},"end":{"line":64,"column":21}},"loc":{"start":{"line":64,"column":28},"end":{"line":85,"column":1}},"line":64}},"branchMap":{},"s":{"0":7,"1":7,"2":7,"3":7,"4":7,"5":7,"6":72,"7":72,"8":7,"9":25,"10":25,"11":7,"12":7},"f":{"0":72,"1":25},"b":{},"_coverageSchema":"43e27e138ebf9cfc5966b082cf9a028302ed4184","hash":"4e34f2dd0e48687298ee56441e0a4dcf51e82dd4"}
,"C:\\Users\\Kamcio\\Desktop\\blogging.me\\backend\\routers\\blogs.js": {"path":"C:\\Users\\Kamcio\\Desktop\\blogging.me\\backend\\routers\\blogs.js","statementMap":{"0":{"start":{"line":1,"column":16},"end":{"line":1,"column":34}},"1":{"start":{"line":2,"column":17},"end":{"line":2,"column":36}},"2":{"start":{"line":3,"column":13},"end":{"line":3,"column":28}},"3":{"start":{"line":4,"column":13},"end":{"line":4,"column":42}},"4":{"start":{"line":5,"column":25},"end":{"line":5,"column":66}},"5":{"start":{"line":6,"column":25},"end":{"line":6,"column":49}},"6":{"start":{"line":7,"column":15},"end":{"line":7,"column":39}},"7":{"start":{"line":11,"column":4},"end":{"line":11,"column":37}},"8":{"start":{"line":12,"column":15},"end":{"line":12,"column":31}},"9":{"start":{"line":14,"column":0},"end":{"line":14,"column":19}},"10":{"start":{"line":16,"column":0},"end":{"line":16,"column":65}},"11":{"start":{"line":16,"column":36},"end":{"line":16,"column":63}},"12":{"start":{"line":18,"column":0},"end":{"line":42,"column":3}},"13":{"start":{"line":19,"column":15},"end":{"line":19,"column":49}},"14":{"start":{"line":20,"column":2},"end":{"line":20,"column":72}},"15":{"start":{"line":20,"column":13},"end":{"line":20,"column":72}},"16":{"start":{"line":21,"column":16},"end":{"line":21,"column":33}},"17":{"start":{"line":23,"column":20},"end":{"line":23,"column":22}},"18":{"start":{"line":25,"column":2},"end":{"line":31,"column":5}},"19":{"start":{"line":26,"column":4},"end":{"line":30,"column":7}},"20":{"start":{"line":27,"column":6},"end":{"line":29,"column":7}},"21":{"start":{"line":28,"column":8},"end":{"line":28,"column":29}},"22":{"start":{"line":33,"column":2},"end":{"line":38,"column":3}},"23":{"start":{"line":34,"column":4},"end":{"line":37,"column":7}},"24":{"start":{"line":39,"column":2},"end":{"line":41,"column":5}},"25":{"start":{"line":44,"column":0},"end":{"line":90,"column":3}},"26":{"start":{"line":45,"column":18},"end":{"line":45,"column":41}},"27":{"start":{"line":46,"column":2},"end":{"line":46,"column":67}},"28":{"start":{"line":46,"column":13},"end":{"line":46,"column":67}},"29":{"start":{"line":48,"column":38},"end":{"line":50,"column":3}},"30":{"start":{"line":51,"column":2},"end":{"line":52,"column":71}},"31":{"start":{"line":52,"column":4},"end":{"line":52,"column":71}},"32":{"start":{"line":54,"column":15},"end":{"line":54,"column":55}},"33":{"start":{"line":55,"column":2},"end":{"line":55,"column":80}},"34":{"start":{"line":55,"column":15},"end":{"line":55,"column":80}},"35":{"start":{"line":57,"column":22},"end":{"line":60,"column":4}},"36":{"start":{"line":61,"column":2},"end":{"line":65,"column":7}},"37":{"start":{"line":62,"column":4},"end":{"line":65,"column":7}},"38":{"start":{"line":66,"column":2},"end":{"line":66,"column":29}},"39":{"start":{"line":68,"column":13},"end":{"line":68,"column":59}},"40":{"start":{"line":69,"column":2},"end":{"line":70,"column":76}},"41":{"start":{"line":70,"column":4},"end":{"line":70,"column":76}},"42":{"start":{"line":71,"column":2},"end":{"line":73,"column":5}},"43":{"start":{"line":74,"column":2},"end":{"line":74,"column":37}},"44":{"start":{"line":75,"column":2},"end":{"line":75,"column":20}},"45":{"start":{"line":77,"column":2},"end":{"line":77,"column":26}},"46":{"start":{"line":79,"column":2},"end":{"line":79,"column":22}},"47":{"start":{"line":81,"column":2},"end":{"line":86,"column":3}},"48":{"start":{"line":82,"column":4},"end":{"line":85,"column":7}},"49":{"start":{"line":87,"column":2},"end":{"line":89,"column":5}},"50":{"start":{"line":92,"column":0},"end":{"line":109,"column":3}},"51":{"start":{"line":93,"column":18},"end":{"line":93,"column":41}},"52":{"start":{"line":94,"column":2},"end":{"line":94,"column":60}},"53":{"start":{"line":94,"column":13},"end":{"line":94,"column":60}},"54":{"start":{"line":96,"column":17},"end":{"line":96,"column":30}},"55":{"start":{"line":97,"column":15},"end":{"line":105,"column":3}},"56":{"start":{"line":106,"column":2},"end":{"line":106,"column":72}},"57":{"start":{"line":106,"column":13},"end":{"line":106,"column":72}},"58":{"start":{"line":108,"column":2},"end":{"line":108,"column":17}},"59":{"start":{"line":111,"column":0},"end":{"line":131,"column":3}},"60":{"start":{"line":112,"column":15},"end":{"line":112,"column":49}},"61":{"start":{"line":113,"column":2},"end":{"line":113,"column":72}},"62":{"start":{"line":113,"column":13},"end":{"line":113,"column":72}},"63":{"start":{"line":115,"column":16},"end":{"line":115,"column":33}},"64":{"start":{"line":116,"column":2},"end":{"line":121,"column":5}},"65":{"start":{"line":117,"column":4},"end":{"line":119,"column":7}},"66":{"start":{"line":118,"column":6},"end":{"line":118,"column":65}},"67":{"start":{"line":120,"column":4},"end":{"line":120,"column":16}},"68":{"start":{"line":122,"column":2},"end":{"line":122,"column":22}},"69":{"start":{"line":124,"column":2},"end":{"line":129,"column":3}},"70":{"start":{"line":125,"column":4},"end":{"line":128,"column":7}},"71":{"start":{"line":130,"column":2},"end":{"line":130,"column":52}},"72":{"start":{"line":133,"column":0},"end":{"line":133,"column":24}}},"fnMap":{"0":{"name":"(anonymous_0)","decl":{"start":{"line":16,"column":16},"end":{"line":16,"column":17}},"loc":{"start":{"line":16,"column":36},"end":{"line":16,"column":63}},"line":16},"1":{"name":"(anonymous_1)","decl":{"start":{"line":18,"column":45},"end":{"line":18,"column":46}},"loc":{"start":{"line":18,"column":65},"end":{"line":42,"column":1}},"line":18},"2":{"name":"(anonymous_2)","decl":{"start":{"line":25,"column":17},"end":{"line":25,"column":18}},"loc":{"start":{"line":25,"column":29},"end":{"line":31,"column":3}},"line":25},"3":{"name":"(anonymous_3)","decl":{"start":{"line":26,"column":14},"end":{"line":26,"column":15}},"loc":{"start":{"line":26,"column":22},"end":{"line":30,"column":5}},"line":26},"4":{"name":"(anonymous_4)","decl":{"start":{"line":44,"column":46},"end":{"line":44,"column":47}},"loc":{"start":{"line":44,"column":66},"end":{"line":90,"column":1}},"line":44},"5":{"name":"(anonymous_5)","decl":{"start":{"line":92,"column":45},"end":{"line":92,"column":46}},"loc":{"start":{"line":92,"column":65},"end":{"line":109,"column":1}},"line":92},"6":{"name":"(anonymous_6)","decl":{"start":{"line":111,"column":48},"end":{"line":111,"column":49}},"loc":{"start":{"line":111,"column":68},"end":{"line":131,"column":1}},"line":111},"7":{"name":"(anonymous_7)","decl":{"start":{"line":116,"column":18},"end":{"line":116,"column":19}},"loc":{"start":{"line":116,"column":26},"end":{"line":121,"column":3}},"line":116},"8":{"name":"(anonymous_8)","decl":{"start":{"line":117,"column":35},"end":{"line":117,"column":36}},"loc":{"start":{"line":117,"column":47},"end":{"line":119,"column":5}},"line":117}},"branchMap":{"0":{"loc":{"start":{"line":20,"column":2},"end":{"line":20,"column":72}},"type":"if","locations":[{"start":{"line":20,"column":2},"end":{"line":20,"column":72}},{"start":{"line":20,"column":2},"end":{"line":20,"column":72}}],"line":20},"1":{"loc":{"start":{"line":27,"column":6},"end":{"line":29,"column":7}},"type":"if","locations":[{"start":{"line":27,"column":6},"end":{"line":29,"column":7}},{"start":{"line":27,"column":6},"end":{"line":29,"column":7}}],"line":27},"2":{"loc":{"start":{"line":33,"column":2},"end":{"line":38,"column":3}},"type":"if","locations":[{"start":{"line":33,"column":2},"end":{"line":38,"column":3}},{"start":{"line":33,"column":2},"end":{"line":38,"column":3}}],"line":33},"3":{"loc":{"start":{"line":46,"column":2},"end":{"line":46,"column":67}},"type":"if","locations":[{"start":{"line":46,"column":2},"end":{"line":46,"column":67}},{"start":{"line":46,"column":2},"end":{"line":46,"column":67}}],"line":46},"4":{"loc":{"start":{"line":51,"column":2},"end":{"line":52,"column":71}},"type":"if","locations":[{"start":{"line":51,"column":2},"end":{"line":52,"column":71}},{"start":{"line":51,"column":2},"end":{"line":52,"column":71}}],"line":51},"5":{"loc":{"start":{"line":55,"column":2},"end":{"line":55,"column":80}},"type":"if","locations":[{"start":{"line":55,"column":2},"end":{"line":55,"column":80}},{"start":{"line":55,"column":2},"end":{"line":55,"column":80}}],"line":55},"6":{"loc":{"start":{"line":61,"column":2},"end":{"line":65,"column":7}},"type":"if","locations":[{"start":{"line":61,"column":2},"end":{"line":65,"column":7}},{"start":{"line":61,"column":2},"end":{"line":65,"column":7}}],"line":61},"7":{"loc":{"start":{"line":69,"column":2},"end":{"line":70,"column":76}},"type":"if","locations":[{"start":{"line":69,"column":2},"end":{"line":70,"column":76}},{"start":{"line":69,"column":2},"end":{"line":70,"column":76}}],"line":69},"8":{"loc":{"start":{"line":81,"column":2},"end":{"line":86,"column":3}},"type":"if","locations":[{"start":{"line":81,"column":2},"end":{"line":86,"column":3}},{"start":{"line":81,"column":2},"end":{"line":86,"column":3}}],"line":81},"9":{"loc":{"start":{"line":94,"column":2},"end":{"line":94,"column":60}},"type":"if","locations":[{"start":{"line":94,"column":2},"end":{"line":94,"column":60}},{"start":{"line":94,"column":2},"end":{"line":94,"column":60}}],"line":94},"10":{"loc":{"start":{"line":106,"column":2},"end":{"line":106,"column":72}},"type":"if","locations":[{"start":{"line":106,"column":2},"end":{"line":106,"column":72}},{"start":{"line":106,"column":2},"end":{"line":106,"column":72}}],"line":106},"11":{"loc":{"start":{"line":113,"column":2},"end":{"line":113,"column":72}},"type":"if","locations":[{"start":{"line":113,"column":2},"end":{"line":113,"column":72}},{"start":{"line":113,"column":2},"end":{"line":113,"column":72}}],"line":113},"12":{"loc":{"start":{"line":124,"column":2},"end":{"line":129,"column":3}},"type":"if","locations":[{"start":{"line":124,"column":2},"end":{"line":129,"column":3}},{"start":{"line":124,"column":2},"end":{"line":129,"column":3}}],"line":124}},"s":{"0":6,"1":6,"2":6,"3":6,"4":6,"5":6,"6":6,"7":6,"8":6,"9":6,"10":6,"11":1,"12":6,"13":2,"14":2,"15":2,"16":0,"17":0,"18":0,"19":0,"20":0,"21":0,"22":0,"23":0,"24":0,"25":6,"26":6,"27":6,"28":1,"29":5,"30":5,"31":2,"32":3,"33":3,"34":2,"35":1,"36":1,"37":0,"38":1,"39":1,"40":1,"41":1,"42":0,"43":0,"44":0,"45":0,"46":0,"47":0,"48":0,"49":0,"50":6,"51":3,"52":3,"53":1,"54":3,"55":3,"56":3,"57":1,"58":2,"59":6,"60":2,"61":2,"62":1,"63":1,"64":1,"65":0,"66":0,"67":0,"68":1,"69":1,"70":0,"71":1,"72":6},"f":{"0":1,"1":2,"2":0,"3":0,"4":6,"5":3,"6":2,"7":0,"8":0},"b":{"0":[2,0],"1":[0,0],"2":[0,0],"3":[1,5],"4":[2,3],"5":[2,1],"6":[0,1],"7":[1,0],"8":[0,0],"9":[1,2],"10":[1,2],"11":[1,1],"12":[0,1]},"_coverageSchema":"43e27e138ebf9cfc5966b082cf9a028302ed4184","hash":"1df3b6ac46f64cf04c7cbeb4fc9fde3eb7e13032"}
,"C:\\Users\\Kamcio\\Desktop\\blogging.me\\backend\\routers\\comments.js": {"path":"C:\\Users\\Kamcio\\Desktop\\blogging.me\\backend\\routers\\comments.js","statementMap":{"0":{"start":{"line":1,"column":16},"end":{"line":1,"column":34}},"1":{"start":{"line":2,"column":17},"end":{"line":2,"column":36}},"2":{"start":{"line":3,"column":13},"end":{"line":3,"column":28}},"3":{"start":{"line":4,"column":13},"end":{"line":4,"column":42}},"4":{"start":{"line":5,"column":25},"end":{"line":5,"column":66}},"5":{"start":{"line":6,"column":28},"end":{"line":6,"column":55}},"6":{"start":{"line":7,"column":15},"end":{"line":7,"column":39}},"7":{"start":{"line":8,"column":15},"end":{"line":8,"column":39}},"8":{"start":{"line":9,"column":15},"end":{"line":9,"column":31}},"9":{"start":{"line":10,"column":0},"end":{"line":10,"column":19}},"10":{"start":{"line":12,"column":0},"end":{"line":14,"column":3}},"11":{"start":{"line":13,"column":2},"end":{"line":13,"column":33}},"12":{"start":{"line":16,"column":0},"end":{"line":37,"column":3}},"13":{"start":{"line":17,"column":15},"end":{"line":17,"column":49}},"14":{"start":{"line":18,"column":2},"end":{"line":18,"column":72}},"15":{"start":{"line":18,"column":13},"end":{"line":18,"column":72}},"16":{"start":{"line":20,"column":19},"end":{"line":20,"column":39}},"17":{"start":{"line":21,"column":16},"end":{"line":21,"column":33}},"18":{"start":{"line":23,"column":23},"end":{"line":23,"column":25}},"19":{"start":{"line":25,"column":2},"end":{"line":35,"column":5}},"20":{"start":{"line":26,"column":4},"end":{"line":34,"column":7}},"21":{"start":{"line":27,"column":6},"end":{"line":33,"column":7}},"22":{"start":{"line":28,"column":8},"end":{"line":32,"column":11}},"23":{"start":{"line":29,"column":10},"end":{"line":31,"column":11}},"24":{"start":{"line":30,"column":12},"end":{"line":30,"column":55}},"25":{"start":{"line":36,"column":2},"end":{"line":36,"column":25}},"26":{"start":{"line":39,"column":0},"end":{"line":67,"column":3}},"27":{"start":{"line":40,"column":18},"end":{"line":40,"column":44}},"28":{"start":{"line":41,"column":2},"end":{"line":41,"column":67}},"29":{"start":{"line":41,"column":13},"end":{"line":41,"column":67}},"30":{"start":{"line":43,"column":15},"end":{"line":43,"column":55}},"31":{"start":{"line":44,"column":2},"end":{"line":44,"column":73}},"32":{"start":{"line":44,"column":13},"end":{"line":44,"column":73}},"33":{"start":{"line":46,"column":35},"end":{"line":46,"column":51}},"34":{"start":{"line":47,"column":18},"end":{"line":51,"column":4}},"35":{"start":{"line":53,"column":2},"end":{"line":53,"column":23}},"36":{"start":{"line":55,"column":2},"end":{"line":55,"column":30}},"37":{"start":{"line":56,"column":2},"end":{"line":56,"column":20}},"38":{"start":{"line":58,"column":2},"end":{"line":63,"column":3}},"39":{"start":{"line":59,"column":4},"end":{"line":62,"column":7}},"40":{"start":{"line":64,"column":2},"end":{"line":66,"column":5}},"41":{"start":{"line":69,"column":0},"end":{"line":91,"column":3}},"42":{"start":{"line":70,"column":18},"end":{"line":70,"column":36}},"43":{"start":{"line":71,"column":2},"end":{"line":71,"column":67}},"44":{"start":{"line":71,"column":13},"end":{"line":71,"column":67}},"45":{"start":{"line":73,"column":35},"end":{"line":73,"column":43}},"46":{"start":{"line":74,"column":18},"end":{"line":78,"column":3}},"47":{"start":{"line":79,"column":2},"end":{"line":80,"column":70}},"48":{"start":{"line":80,"column":4},"end":{"line":80,"column":70}},"49":{"start":{"line":82,"column":2},"end":{"line":87,"column":3}},"50":{"start":{"line":83,"column":4},"end":{"line":86,"column":7}},"51":{"start":{"line":88,"column":2},"end":{"line":90,"column":5}},"52":{"start":{"line":93,"column":0},"end":{"line":113,"column":3}},"53":{"start":{"line":94,"column":14},"end":{"line":94,"column":31}},"54":{"start":{"line":95,"column":18},"end":{"line":95,"column":55}},"55":{"start":{"line":96,"column":2},"end":{"line":96,"column":78}},"56":{"start":{"line":96,"column":16},"end":{"line":96,"column":78}},"57":{"start":{"line":98,"column":2},"end":{"line":103,"column":5}},"58":{"start":{"line":99,"column":4},"end":{"line":101,"column":7}},"59":{"start":{"line":100,"column":6},"end":{"line":100,"column":33}},"60":{"start":{"line":102,"column":4},"end":{"line":102,"column":16}},"61":{"start":{"line":104,"column":2},"end":{"line":104,"column":25}},"62":{"start":{"line":106,"column":2},"end":{"line":111,"column":3}},"63":{"start":{"line":107,"column":4},"end":{"line":110,"column":7}},"64":{"start":{"line":112,"column":2},"end":{"line":112,"column":55}},"65":{"start":{"line":115,"column":0},"end":{"line":115,"column":24}}},"fnMap":{"0":{"name":"(anonymous_0)","decl":{"start":{"line":12,"column":16},"end":{"line":12,"column":17}},"loc":{"start":{"line":12,"column":36},"end":{"line":14,"column":1}},"line":12},"1":{"name":"(anonymous_1)","decl":{"start":{"line":16,"column":45},"end":{"line":16,"column":46}},"loc":{"start":{"line":16,"column":65},"end":{"line":37,"column":1}},"line":16},"2":{"name":"(anonymous_2)","decl":{"start":{"line":25,"column":20},"end":{"line":25,"column":21}},"loc":{"start":{"line":25,"column":31},"end":{"line":35,"column":3}},"line":25},"3":{"name":"(anonymous_3)","decl":{"start":{"line":26,"column":17},"end":{"line":26,"column":18}},"loc":{"start":{"line":26,"column":22},"end":{"line":34,"column":5}},"line":26},"4":{"name":"(anonymous_4)","decl":{"start":{"line":28,"column":18},"end":{"line":28,"column":19}},"loc":{"start":{"line":28,"column":23},"end":{"line":32,"column":9}},"line":28},"5":{"name":"(anonymous_5)","decl":{"start":{"line":39,"column":46},"end":{"line":39,"column":47}},"loc":{"start":{"line":39,"column":66},"end":{"line":67,"column":1}},"line":39},"6":{"name":"(anonymous_6)","decl":{"start":{"line":69,"column":45},"end":{"line":69,"column":46}},"loc":{"start":{"line":69,"column":65},"end":{"line":91,"column":1}},"line":69},"7":{"name":"(anonymous_7)","decl":{"start":{"line":93,"column":48},"end":{"line":93,"column":49}},"loc":{"start":{"line":93,"column":68},"end":{"line":113,"column":1}},"line":93},"8":{"name":"(anonymous_8)","decl":{"start":{"line":98,"column":18},"end":{"line":98,"column":19}},"loc":{"start":{"line":98,"column":26},"end":{"line":103,"column":3}},"line":98},"9":{"name":"(anonymous_9)","decl":{"start":{"line":99,"column":41},"end":{"line":99,"column":42}},"loc":{"start":{"line":99,"column":55},"end":{"line":101,"column":5}},"line":99}},"branchMap":{"0":{"loc":{"start":{"line":18,"column":2},"end":{"line":18,"column":72}},"type":"if","locations":[{"start":{"line":18,"column":2},"end":{"line":18,"column":72}},{"start":{"line":18,"column":2},"end":{"line":18,"column":72}}],"line":18},"1":{"loc":{"start":{"line":27,"column":6},"end":{"line":33,"column":7}},"type":"if","locations":[{"start":{"line":27,"column":6},"end":{"line":33,"column":7}},{"start":{"line":27,"column":6},"end":{"line":33,"column":7}}],"line":27},"2":{"loc":{"start":{"line":29,"column":10},"end":{"line":31,"column":11}},"type":"if","locations":[{"start":{"line":29,"column":10},"end":{"line":31,"column":11}},{"start":{"line":29,"column":10},"end":{"line":31,"column":11}}],"line":29},"3":{"loc":{"start":{"line":41,"column":2},"end":{"line":41,"column":67}},"type":"if","locations":[{"start":{"line":41,"column":2},"end":{"line":41,"column":67}},{"start":{"line":41,"column":2},"end":{"line":41,"column":67}}],"line":41},"4":{"loc":{"start":{"line":44,"column":2},"end":{"line":44,"column":73}},"type":"if","locations":[{"start":{"line":44,"column":2},"end":{"line":44,"column":73}},{"start":{"line":44,"column":2},"end":{"line":44,"column":73}}],"line":44},"5":{"loc":{"start":{"line":58,"column":2},"end":{"line":63,"column":3}},"type":"if","locations":[{"start":{"line":58,"column":2},"end":{"line":63,"column":3}},{"start":{"line":58,"column":2},"end":{"line":63,"column":3}}],"line":58},"6":{"loc":{"start":{"line":71,"column":2},"end":{"line":71,"column":67}},"type":"if","locations":[{"start":{"line":71,"column":2},"end":{"line":71,"column":67}},{"start":{"line":71,"column":2},"end":{"line":71,"column":67}}],"line":71},"7":{"loc":{"start":{"line":79,"column":2},"end":{"line":80,"column":70}},"type":"if","locations":[{"start":{"line":79,"column":2},"end":{"line":80,"column":70}},{"start":{"line":79,"column":2},"end":{"line":80,"column":70}}],"line":79},"8":{"loc":{"start":{"line":82,"column":2},"end":{"line":87,"column":3}},"type":"if","locations":[{"start":{"line":82,"column":2},"end":{"line":87,"column":3}},{"start":{"line":82,"column":2},"end":{"line":87,"column":3}}],"line":82},"9":{"loc":{"start":{"line":96,"column":2},"end":{"line":96,"column":78}},"type":"if","locations":[{"start":{"line":96,"column":2},"end":{"line":96,"column":78}},{"start":{"line":96,"column":2},"end":{"line":96,"column":78}}],"line":96},"10":{"loc":{"start":{"line":106,"column":2},"end":{"line":111,"column":3}},"type":"if","locations":[{"start":{"line":106,"column":2},"end":{"line":111,"column":3}},{"start":{"line":106,"column":2},"end":{"line":111,"column":3}}],"line":106}},"s":{"0":6,"1":6,"2":6,"3":6,"4":6,"5":6,"6":6,"7":6,"8":6,"9":6,"10":6,"11":1,"12":6,"13":2,"14":2,"15":1,"16":1,"17":1,"18":1,"19":1,"20":0,"21":0,"22":0,"23":0,"24":0,"25":1,"26":6,"27":3,"28":3,"29":1,"30":2,"31":2,"32":1,"33":1,"34":1,"35":1,"36":1,"37":1,"38":1,"39":0,"40":1,"41":6,"42":3,"43":3,"44":1,"45":2,"46":2,"47":2,"48":1,"49":1,"50":0,"51":1,"52":6,"53":2,"54":2,"55":2,"56":1,"57":1,"58":0,"59":0,"60":0,"61":1,"62":1,"63":0,"64":1,"65":6},"f":{"0":1,"1":2,"2":0,"3":0,"4":0,"5":3,"6":3,"7":2,"8":0,"9":0},"b":{"0":[1,1],"1":[0,0],"2":[0,0],"3":[1,2],"4":[1,1],"5":[0,1],"6":[1,2],"7":[1,1],"8":[0,1],"9":[1,1],"10":[0,1]},"_coverageSchema":"43e27e138ebf9cfc5966b082cf9a028302ed4184","hash":"051d4a844ce729e18dfe86d853092e9dd5fec5ee"}
,"C:\\Users\\Kamcio\\Desktop\\blogging.me\\backend\\routers\\login.js": {"path":"C:\\Users\\Kamcio\\Desktop\\blogging.me\\backend\\routers\\login.js","statementMap":{"0":{"start":{"line":1,"column":16},"end":{"line":1,"column":34}},"1":{"start":{"line":2,"column":13},"end":{"line":2,"column":28}},"2":{"start":{"line":3,"column":15},"end":{"line":3,"column":32}},"3":{"start":{"line":4,"column":10},"end":{"line":4,"column":27}},"4":{"start":{"line":5,"column":12},"end":{"line":5,"column":26}},"5":{"start":{"line":6,"column":15},"end":{"line":6,"column":39}},"6":{"start":{"line":7,"column":15},"end":{"line":7,"column":31}},"7":{"start":{"line":9,"column":0},"end":{"line":9,"column":19}},"8":{"start":{"line":11,"column":0},"end":{"line":25,"column":3}},"9":{"start":{"line":12,"column":18},"end":{"line":12,"column":36}},"10":{"start":{"line":13,"column":2},"end":{"line":13,"column":67}},"11":{"start":{"line":13,"column":13},"end":{"line":13,"column":67}},"12":{"start":{"line":15,"column":13},"end":{"line":15,"column":56}},"13":{"start":{"line":16,"column":2},"end":{"line":16,"column":58}},"14":{"start":{"line":16,"column":13},"end":{"line":16,"column":58}},"15":{"start":{"line":18,"column":24},"end":{"line":18,"column":78}},"16":{"start":{"line":19,"column":2},"end":{"line":19,"column":70}},"17":{"start":{"line":19,"column":22},"end":{"line":19,"column":70}},"18":{"start":{"line":21,"column":2},"end":{"line":24,"column":5}},"19":{"start":{"line":28,"column":17},"end":{"line":38,"column":3}},"20":{"start":{"line":39,"column":2},"end":{"line":39,"column":35}},"21":{"start":{"line":42,"column":0},"end":{"line":42,"column":24}}},"fnMap":{"0":{"name":"(anonymous_0)","decl":{"start":{"line":11,"column":17},"end":{"line":11,"column":18}},"loc":{"start":{"line":11,"column":37},"end":{"line":25,"column":1}},"line":11},"1":{"name":"validate","decl":{"start":{"line":27,"column":9},"end":{"line":27,"column":17}},"loc":{"start":{"line":27,"column":23},"end":{"line":40,"column":1}},"line":27}},"branchMap":{"0":{"loc":{"start":{"line":13,"column":2},"end":{"line":13,"column":67}},"type":"if","locations":[{"start":{"line":13,"column":2},"end":{"line":13,"column":67}},{"start":{"line":13,"column":2},"end":{"line":13,"column":67}}],"line":13},"1":{"loc":{"start":{"line":16,"column":2},"end":{"line":16,"column":58}},"type":"if","locations":[{"start":{"line":16,"column":2},"end":{"line":16,"column":58}},{"start":{"line":16,"column":2},"end":{"line":16,"column":58}}],"line":16},"2":{"loc":{"start":{"line":19,"column":2},"end":{"line":19,"column":70}},"type":"if","locations":[{"start":{"line":19,"column":2},"end":{"line":19,"column":70}},{"start":{"line":19,"column":2},"end":{"line":19,"column":70}}],"line":19}},"s":{"0":6,"1":6,"2":6,"3":6,"4":6,"5":6,"6":6,"7":6,"8":6,"9":4,"10":4,"11":1,"12":3,"13":3,"14":1,"15":2,"16":2,"17":1,"18":1,"19":4,"20":4,"21":6},"f":{"0":4,"1":4},"b":{"0":[1,3],"1":[1,2],"2":[1,1]},"_coverageSchema":"43e27e138ebf9cfc5966b082cf9a028302ed4184","hash":"3ab1e773a266844e19fc069918fc99480cb87e1b"}
,"C:\\Users\\Kamcio\\Desktop\\blogging.me\\backend\\routers\\posts.js": {"path":"C:\\Users\\Kamcio\\Desktop\\blogging.me\\backend\\routers\\posts.js","statementMap":{"0":{"start":{"line":1,"column":16},"end":{"line":1,"column":34}},"1":{"start":{"line":2,"column":13},"end":{"line":2,"column":28}},"2":{"start":{"line":3,"column":17},"end":{"line":3,"column":36}},"3":{"start":{"line":4,"column":13},"end":{"line":4,"column":42}},"4":{"start":{"line":5,"column":25},"end":{"line":5,"column":66}},"5":{"start":{"line":6,"column":25},"end":{"line":6,"column":49}},"6":{"start":{"line":7,"column":19},"end":{"line":7,"column":47}},"7":{"start":{"line":8,"column":18},"end":{"line":8,"column":45}},"8":{"start":{"line":9,"column":15},"end":{"line":9,"column":39}},"9":{"start":{"line":10,"column":15},"end":{"line":10,"column":39}},"10":{"start":{"line":11,"column":24},"end":{"line":11,"column":57}},"11":{"start":{"line":12,"column":15},"end":{"line":12,"column":31}},"12":{"start":{"line":13,"column":0},"end":{"line":13,"column":19}},"13":{"start":{"line":15,"column":0},"end":{"line":17,"column":3}},"14":{"start":{"line":16,"column":2},"end":{"line":16,"column":30}},"15":{"start":{"line":20,"column":15},"end":{"line":20,"column":49}},"16":{"start":{"line":21,"column":2},"end":{"line":21,"column":73}},"17":{"start":{"line":21,"column":13},"end":{"line":21,"column":73}},"18":{"start":{"line":23,"column":16},"end":{"line":23,"column":33}},"19":{"start":{"line":24,"column":16},"end":{"line":24,"column":33}},"20":{"start":{"line":25,"column":16},"end":{"line":25,"column":33}},"21":{"start":{"line":26,"column":25},"end":{"line":26,"column":51}},"22":{"start":{"line":27,"column":20},"end":{"line":27,"column":41}},"23":{"start":{"line":28,"column":19},"end":{"line":28,"column":39}},"24":{"start":{"line":30,"column":20},"end":{"line":32,"column":3}},"25":{"start":{"line":31,"column":4},"end":{"line":31,"column":74}},"26":{"start":{"line":31,"column":23},"end":{"line":31,"column":73}},"27":{"start":{"line":33,"column":2},"end":{"line":33,"column":23}},"28":{"start":{"line":34,"column":25},"end":{"line":34,"column":27}},"29":{"start":{"line":36,"column":2},"end":{"line":49,"column":5}},"30":{"start":{"line":37,"column":4},"end":{"line":48,"column":7}},"31":{"start":{"line":38,"column":6},"end":{"line":47,"column":9}},"32":{"start":{"line":39,"column":8},"end":{"line":46,"column":9}},"33":{"start":{"line":40,"column":10},"end":{"line":45,"column":13}},"34":{"start":{"line":41,"column":12},"end":{"line":44,"column":13}},"35":{"start":{"line":42,"column":39},"end":{"line":42,"column":73}},"36":{"start":{"line":43,"column":14},"end":{"line":43,"column":52}},"37":{"start":{"line":51,"column":25},"end":{"line":51,"column":27}},"38":{"start":{"line":52,"column":2},"end":{"line":85,"column":5}},"39":{"start":{"line":53,"column":4},"end":{"line":84,"column":6}},"40":{"start":{"line":54,"column":6},"end":{"line":83,"column":8}},"41":{"start":{"line":55,"column":8},"end":{"line":82,"column":9}},"42":{"start":{"line":56,"column":10},"end":{"line":81,"column":13}},"43":{"start":{"line":57,"column":12},"end":{"line":80,"column":13}},"44":{"start":{"line":58,"column":35},"end":{"line":58,"column":37}},"45":{"start":{"line":59,"column":14},"end":{"line":71,"column":15}},"46":{"start":{"line":60,"column":16},"end":{"line":70,"column":19}},"47":{"start":{"line":61,"column":18},"end":{"line":69,"column":20}},"48":{"start":{"line":62,"column":20},"end":{"line":68,"column":21}},"49":{"start":{"line":63,"column":22},"end":{"line":67,"column":24}},"50":{"start":{"line":64,"column":24},"end":{"line":66,"column":25}},"51":{"start":{"line":65,"column":26},"end":{"line":65,"column":106}},"52":{"start":{"line":72,"column":45},"end":{"line":78,"column":15}},"53":{"start":{"line":79,"column":14},"end":{"line":79,"column":58}},"54":{"start":{"line":87,"column":2},"end":{"line":95,"column":5}},"55":{"start":{"line":88,"column":4},"end":{"line":94,"column":6}},"56":{"start":{"line":89,"column":6},"end":{"line":93,"column":8}},"57":{"start":{"line":90,"column":8},"end":{"line":92,"column":9}},"58":{"start":{"line":91,"column":10},"end":{"line":91,"column":36}},"59":{"start":{"line":97,"column":2},"end":{"line":99,"column":5}},"60":{"start":{"line":98,"column":4},"end":{"line":98,"column":71}},"61":{"start":{"line":100,"column":2},"end":{"line":100,"column":27}},"62":{"start":{"line":103,"column":0},"end":{"line":105,"column":3}},"63":{"start":{"line":104,"column":2},"end":{"line":104,"column":45}},"64":{"start":{"line":107,"column":0},"end":{"line":141,"column":3}},"65":{"start":{"line":108,"column":18},"end":{"line":108,"column":41}},"66":{"start":{"line":109,"column":2},"end":{"line":109,"column":67}},"67":{"start":{"line":109,"column":13},"end":{"line":109,"column":67}},"68":{"start":{"line":111,"column":13},"end":{"line":111,"column":47}},"69":{"start":{"line":112,"column":2},"end":{"line":112,"column":73}},"70":{"start":{"line":112,"column":13},"end":{"line":112,"column":73}},"71":{"start":{"line":114,"column":20},"end":{"line":117,"column":4}},"72":{"start":{"line":118,"column":2},"end":{"line":118,"column":25}},"73":{"start":{"line":120,"column":15},"end":{"line":126,"column":4}},"74":{"start":{"line":127,"column":2},"end":{"line":127,"column":20}},"75":{"start":{"line":129,"column":2},"end":{"line":129,"column":24}},"76":{"start":{"line":130,"column":2},"end":{"line":130,"column":20}},"77":{"start":{"line":132,"column":2},"end":{"line":137,"column":3}},"78":{"start":{"line":133,"column":4},"end":{"line":136,"column":7}},"79":{"start":{"line":138,"column":2},"end":{"line":140,"column":5}},"80":{"start":{"line":143,"column":0},"end":{"line":169,"column":3}},"81":{"start":{"line":144,"column":18},"end":{"line":144,"column":36}},"82":{"start":{"line":145,"column":2},"end":{"line":145,"column":67}},"83":{"start":{"line":145,"column":13},"end":{"line":145,"column":67}},"84":{"start":{"line":147,"column":40},"end":{"line":147,"column":48}},"85":{"start":{"line":149,"column":15},"end":{"line":158,"column":3}},"86":{"start":{"line":159,"column":2},"end":{"line":159,"column":72}},"87":{"start":{"line":159,"column":13},"end":{"line":159,"column":72}},"88":{"start":{"line":160,"column":2},"end":{"line":165,"column":3}},"89":{"start":{"line":161,"column":4},"end":{"line":164,"column":7}},"90":{"start":{"line":166,"column":2},"end":{"line":168,"column":5}},"91":{"start":{"line":171,"column":0},"end":{"line":191,"column":3}},"92":{"start":{"line":172,"column":14},"end":{"line":172,"column":31}},"93":{"start":{"line":173,"column":15},"end":{"line":173,"column":49}},"94":{"start":{"line":174,"column":2},"end":{"line":174,"column":72}},"95":{"start":{"line":174,"column":13},"end":{"line":174,"column":72}},"96":{"start":{"line":176,"column":2},"end":{"line":181,"column":5}},"97":{"start":{"line":177,"column":4},"end":{"line":179,"column":7}},"98":{"start":{"line":178,"column":6},"end":{"line":178,"column":27}},"99":{"start":{"line":180,"column":4},"end":{"line":180,"column":16}},"100":{"start":{"line":182,"column":2},"end":{"line":182,"column":22}},"101":{"start":{"line":184,"column":2},"end":{"line":189,"column":3}},"102":{"start":{"line":185,"column":4},"end":{"line":188,"column":7}},"103":{"start":{"line":190,"column":2},"end":{"line":190,"column":52}},"104":{"start":{"line":193,"column":0},"end":{"line":193,"column":24}}},"fnMap":{"0":{"name":"(anonymous_0)","decl":{"start":{"line":15,"column":16},"end":{"line":15,"column":17}},"loc":{"start":{"line":15,"column":36},"end":{"line":17,"column":1}},"line":15},"1":{"name":"getAllFollowersPost","decl":{"start":{"line":19,"column":15},"end":{"line":19,"column":34}},"loc":{"start":{"line":19,"column":45},"end":{"line":101,"column":1}},"line":19},"2":{"name":"(anonymous_2)","decl":{"start":{"line":30,"column":45},"end":{"line":30,"column":46}},"loc":{"start":{"line":31,"column":4},"end":{"line":31,"column":74}},"line":31},"3":{"name":"(anonymous_3)","decl":{"start":{"line":31,"column":15},"end":{"line":31,"column":16}},"loc":{"start":{"line":31,"column":23},"end":{"line":31,"column":73}},"line":31},"4":{"name":"(anonymous_4)","decl":{"start":{"line":36,"column":22},"end":{"line":36,"column":23}},"loc":{"start":{"line":36,"column":34},"end":{"line":49,"column":3}},"line":36},"5":{"name":"(anonymous_5)","decl":{"start":{"line":37,"column":23},"end":{"line":37,"column":24}},"loc":{"start":{"line":37,"column":39},"end":{"line":48,"column":5}},"line":37},"6":{"name":"(anonymous_6)","decl":{"start":{"line":38,"column":16},"end":{"line":38,"column":17}},"loc":{"start":{"line":38,"column":24},"end":{"line":47,"column":7}},"line":38},"7":{"name":"(anonymous_7)","decl":{"start":{"line":40,"column":29},"end":{"line":40,"column":30}},"loc":{"start":{"line":40,"column":34},"end":{"line":45,"column":11}},"line":40},"8":{"name":"(anonymous_8)","decl":{"start":{"line":52,"column":27},"end":{"line":52,"column":28}},"loc":{"start":{"line":52,"column":43},"end":{"line":85,"column":3}},"line":52},"9":{"name":"(anonymous_9)","decl":{"start":{"line":53,"column":32},"end":{"line":53,"column":33}},"loc":{"start":{"line":54,"column":6},"end":{"line":83,"column":8}},"line":54},"10":{"name":"(anonymous_10)","decl":{"start":{"line":54,"column":16},"end":{"line":54,"column":17}},"loc":{"start":{"line":54,"column":24},"end":{"line":83,"column":7}},"line":54},"11":{"name":"(anonymous_11)","decl":{"start":{"line":56,"column":24},"end":{"line":56,"column":25}},"loc":{"start":{"line":56,"column":29},"end":{"line":81,"column":11}},"line":56},"12":{"name":"(anonymous_12)","decl":{"start":{"line":60,"column":34},"end":{"line":60,"column":35}},"loc":{"start":{"line":60,"column":45},"end":{"line":70,"column":17}},"line":60},"13":{"name":"(anonymous_13)","decl":{"start":{"line":61,"column":31},"end":{"line":61,"column":32}},"loc":{"start":{"line":61,"column":36},"end":{"line":69,"column":19}},"line":61},"14":{"name":"(anonymous_14)","decl":{"start":{"line":63,"column":32},"end":{"line":63,"column":33}},"loc":{"start":{"line":63,"column":40},"end":{"line":67,"column":23}},"line":63},"15":{"name":"(anonymous_15)","decl":{"start":{"line":87,"column":21},"end":{"line":87,"column":22}},"loc":{"start":{"line":87,"column":29},"end":{"line":95,"column":3}},"line":87},"16":{"name":"(anonymous_16)","decl":{"start":{"line":88,"column":39},"end":{"line":88,"column":40}},"loc":{"start":{"line":88,"column":51},"end":{"line":94,"column":5}},"line":88},"17":{"name":"(anonymous_17)","decl":{"start":{"line":89,"column":19},"end":{"line":89,"column":20}},"loc":{"start":{"line":89,"column":30},"end":{"line":93,"column":7}},"line":89},"18":{"name":"(anonymous_18)","decl":{"start":{"line":97,"column":22},"end":{"line":97,"column":23}},"loc":{"start":{"line":97,"column":38},"end":{"line":99,"column":3}},"line":97},"19":{"name":"(anonymous_19)","decl":{"start":{"line":103,"column":64},"end":{"line":103,"column":65}},"loc":{"start":{"line":103,"column":84},"end":{"line":105,"column":1}},"line":103},"20":{"name":"(anonymous_20)","decl":{"start":{"line":107,"column":46},"end":{"line":107,"column":47}},"loc":{"start":{"line":107,"column":66},"end":{"line":141,"column":1}},"line":107},"21":{"name":"(anonymous_21)","decl":{"start":{"line":143,"column":45},"end":{"line":143,"column":46}},"loc":{"start":{"line":143,"column":65},"end":{"line":169,"column":1}},"line":143},"22":{"name":"(anonymous_22)","decl":{"start":{"line":171,"column":48},"end":{"line":171,"column":49}},"loc":{"start":{"line":171,"column":68},"end":{"line":191,"column":1}},"line":171},"23":{"name":"(anonymous_23)","decl":{"start":{"line":176,"column":18},"end":{"line":176,"column":19}},"loc":{"start":{"line":176,"column":26},"end":{"line":181,"column":3}},"line":176},"24":{"name":"(anonymous_24)","decl":{"start":{"line":177,"column":35},"end":{"line":177,"column":36}},"loc":{"start":{"line":177,"column":46},"end":{"line":179,"column":5}},"line":177}},"branchMap":{"0":{"loc":{"start":{"line":21,"column":2},"end":{"line":21,"column":73}},"type":"if","locations":[{"start":{"line":21,"column":2},"end":{"line":21,"column":73}},{"start":{"line":21,"column":2},"end":{"line":21,"column":73}}],"line":21},"1":{"loc":{"start":{"line":39,"column":8},"end":{"line":46,"column":9}},"type":"if","locations":[{"start":{"line":39,"column":8},"end":{"line":46,"column":9}},{"start":{"line":39,"column":8},"end":{"line":46,"column":9}}],"line":39},"2":{"loc":{"start":{"line":41,"column":12},"end":{"line":44,"column":13}},"type":"if","locations":[{"start":{"line":41,"column":12},"end":{"line":44,"column":13}},{"start":{"line":41,"column":12},"end":{"line":44,"column":13}}],"line":41},"3":{"loc":{"start":{"line":55,"column":8},"end":{"line":82,"column":9}},"type":"if","locations":[{"start":{"line":55,"column":8},"end":{"line":82,"column":9}},{"start":{"line":55,"column":8},"end":{"line":82,"column":9}}],"line":55},"4":{"loc":{"start":{"line":57,"column":12},"end":{"line":80,"column":13}},"type":"if","locations":[{"start":{"line":57,"column":12},"end":{"line":80,"column":13}},{"start":{"line":57,"column":12},"end":{"line":80,"column":13}}],"line":57},"5":{"loc":{"start":{"line":59,"column":14},"end":{"line":71,"column":15}},"type":"if","locations":[{"start":{"line":59,"column":14},"end":{"line":71,"column":15}},{"start":{"line":59,"column":14},"end":{"line":71,"column":15}}],"line":59},"6":{"loc":{"start":{"line":62,"column":20},"end":{"line":68,"column":21}},"type":"if","locations":[{"start":{"line":62,"column":20},"end":{"line":68,"column":21}},{"start":{"line":62,"column":20},"end":{"line":68,"column":21}}],"line":62},"7":{"loc":{"start":{"line":64,"column":24},"end":{"line":66,"column":25}},"type":"if","locations":[{"start":{"line":64,"column":24},"end":{"line":66,"column":25}},{"start":{"line":64,"column":24},"end":{"line":66,"column":25}}],"line":64},"8":{"loc":{"start":{"line":88,"column":4},"end":{"line":94,"column":6}},"type":"binary-expr","locations":[{"start":{"line":88,"column":4},"end":{"line":88,"column":17}},{"start":{"line":88,"column":21},"end":{"line":94,"column":6}}],"line":88},"9":{"loc":{"start":{"line":90,"column":8},"end":{"line":92,"column":9}},"type":"if","locations":[{"start":{"line":90,"column":8},"end":{"line":92,"column":9}},{"start":{"line":90,"column":8},"end":{"line":92,"column":9}}],"line":90},"10":{"loc":{"start":{"line":109,"column":2},"end":{"line":109,"column":67}},"type":"if","locations":[{"start":{"line":109,"column":2},"end":{"line":109,"column":67}},{"start":{"line":109,"column":2},"end":{"line":109,"column":67}}],"line":109},"11":{"loc":{"start":{"line":112,"column":2},"end":{"line":112,"column":73}},"type":"if","locations":[{"start":{"line":112,"column":2},"end":{"line":112,"column":73}},{"start":{"line":112,"column":2},"end":{"line":112,"column":73}}],"line":112},"12":{"loc":{"start":{"line":124,"column":11},"end":{"line":124,"column":57}},"type":"cond-expr","locations":[{"start":{"line":124,"column":33},"end":{"line":124,"column":52}},{"start":{"line":124,"column":55},"end":{"line":124,"column":57}}],"line":124},"13":{"loc":{"start":{"line":132,"column":2},"end":{"line":137,"column":3}},"type":"if","locations":[{"start":{"line":132,"column":2},"end":{"line":137,"column":3}},{"start":{"line":132,"column":2},"end":{"line":137,"column":3}}],"line":132},"14":{"loc":{"start":{"line":145,"column":2},"end":{"line":145,"column":67}},"type":"if","locations":[{"start":{"line":145,"column":2},"end":{"line":145,"column":67}},{"start":{"line":145,"column":2},"end":{"line":145,"column":67}}],"line":145},"15":{"loc":{"start":{"line":155,"column":13},"end":{"line":155,"column":49}},"type":"cond-expr","locations":[{"start":{"line":155,"column":30},"end":{"line":155,"column":44}},{"start":{"line":155,"column":47},"end":{"line":155,"column":49}}],"line":155},"16":{"loc":{"start":{"line":159,"column":2},"end":{"line":159,"column":72}},"type":"if","locations":[{"start":{"line":159,"column":2},"end":{"line":159,"column":72}},{"start":{"line":159,"column":2},"end":{"line":159,"column":72}}],"line":159},"17":{"loc":{"start":{"line":160,"column":2},"end":{"line":165,"column":3}},"type":"if","locations":[{"start":{"line":160,"column":2},"end":{"line":165,"column":3}},{"start":{"line":160,"column":2},"end":{"line":165,"column":3}}],"line":160},"18":{"loc":{"start":{"line":174,"column":2},"end":{"line":174,"column":72}},"type":"if","locations":[{"start":{"line":174,"column":2},"end":{"line":174,"column":72}},{"start":{"line":174,"column":2},"end":{"line":174,"column":72}}],"line":174},"19":{"loc":{"start":{"line":184,"column":2},"end":{"line":189,"column":3}},"type":"if","locations":[{"start":{"line":184,"column":2},"end":{"line":189,"column":3}},{"start":{"line":184,"column":2},"end":{"line":189,"column":3}}],"line":184}},"s":{"0":6,"1":6,"2":6,"3":6,"4":6,"5":6,"6":6,"7":6,"8":6,"9":6,"10":6,"11":6,"12":6,"13":6,"14":1,"15":2,"16":2,"17":1,"18":1,"19":1,"20":1,"21":1,"22":1,"23":1,"24":1,"25":0,"26":0,"27":1,"28":1,"29":1,"30":1,"31":0,"32":0,"33":0,"34":0,"35":0,"36":0,"37":1,"38":1,"39":0,"40":0,"41":0,"42":0,"43":0,"44":0,"45":0,"46":0,"47":0,"48":0,"49":0,"50":0,"51":0,"52":0,"53":0,"54":1,"55":0,"56":0,"57":0,"58":0,"59":1,"60":0,"61":1,"62":6,"63":2,"64":6,"65":3,"66":3,"67":1,"68":2,"69":2,"70":1,"71":1,"72":1,"73":1,"74":1,"75":1,"76":1,"77":1,"78":0,"79":1,"80":6,"81":3,"82":3,"83":1,"84":2,"85":2,"86":2,"87":1,"88":1,"89":0,"90":1,"91":6,"92":2,"93":2,"94":2,"95":1,"96":1,"97":0,"98":0,"99":0,"100":1,"101":1,"102":0,"103":1,"104":6},"f":{"0":1,"1":2,"2":0,"3":0,"4":1,"5":0,"6":0,"7":0,"8":0,"9":0,"10":0,"11":0,"12":0,"13":0,"14":0,"15":0,"16":0,"17":0,"18":0,"19":2,"20":3,"21":3,"22":2,"23":0,"24":0},"b":{"0":[1,1],"1":[0,0],"2":[0,0],"3":[0,0],"4":[0,0],"5":[0,0],"6":[0,0],"7":[0,0],"8":[0,0],"9":[0,0],"10":[1,2],"11":[1,1],"12":[0,1],"13":[0,1],"14":[1,2],"15":[0,2],"16":[1,1],"17":[0,1],"18":[1,1],"19":[0,1]},"_coverageSchema":"43e27e138ebf9cfc5966b082cf9a028302ed4184","hash":"74c6f2439647b2109e5ec9d7ecfaac83e9aa30fc"}
,"C:\\Users\\Kamcio\\Desktop\\blogging.me\\backend\\routers\\reactions.js": {"path":"C:\\Users\\Kamcio\\Desktop\\blogging.me\\backend\\routers\\reactions.js","statementMap":{"0":{"start":{"line":1,"column":16},"end":{"line":1,"column":34}},"1":{"start":{"line":2,"column":13},"end":{"line":2,"column":28}},"2":{"start":{"line":3,"column":17},"end":{"line":3,"column":36}},"3":{"start":{"line":4,"column":13},"end":{"line":4,"column":42}},"4":{"start":{"line":5,"column":25},"end":{"line":5,"column":66}},"5":{"start":{"line":6,"column":19},"end":{"line":6,"column":47}},"6":{"start":{"line":7,"column":15},"end":{"line":7,"column":39}},"7":{"start":{"line":8,"column":15},"end":{"line":8,"column":39}},"8":{"start":{"line":9,"column":15},"end":{"line":9,"column":31}},"9":{"start":{"line":10,"column":0},"end":{"line":10,"column":19}},"10":{"start":{"line":12,"column":0},"end":{"line":17,"column":3}},"11":{"start":{"line":13,"column":19},"end":{"line":13,"column":57}},"12":{"start":{"line":14,"column":2},"end":{"line":14,"column":80}},"13":{"start":{"line":14,"column":17},"end":{"line":14,"column":80}},"14":{"start":{"line":16,"column":2},"end":{"line":16,"column":28}},"15":{"start":{"line":19,"column":0},"end":{"line":70,"column":3}},"16":{"start":{"line":20,"column":15},"end":{"line":20,"column":49}},"17":{"start":{"line":21,"column":2},"end":{"line":21,"column":73}},"18":{"start":{"line":21,"column":13},"end":{"line":21,"column":73}},"19":{"start":{"line":23,"column":19},"end":{"line":23,"column":58}},"20":{"start":{"line":24,"column":2},"end":{"line":25,"column":68}},"21":{"start":{"line":25,"column":4},"end":{"line":25,"column":68}},"22":{"start":{"line":27,"column":15},"end":{"line":27,"column":52}},"23":{"start":{"line":28,"column":2},"end":{"line":28,"column":73}},"24":{"start":{"line":28,"column":13},"end":{"line":28,"column":73}},"25":{"start":{"line":30,"column":2},"end":{"line":68,"column":3}},"26":{"start":{"line":31,"column":4},"end":{"line":48,"column":5}},"27":{"start":{"line":33,"column":8},"end":{"line":33,"column":54}},"28":{"start":{"line":36,"column":6},"end":{"line":36,"column":36}},"29":{"start":{"line":37,"column":6},"end":{"line":37,"column":28}},"30":{"start":{"line":38,"column":6},"end":{"line":45,"column":7}},"31":{"start":{"line":40,"column":10},"end":{"line":40,"column":59}},"32":{"start":{"line":43,"column":8},"end":{"line":43,"column":40}},"33":{"start":{"line":44,"column":8},"end":{"line":44,"column":30}},"34":{"start":{"line":47,"column":6},"end":{"line":47,"column":65}},"35":{"start":{"line":49,"column":9},"end":{"line":68,"column":3}},"36":{"start":{"line":50,"column":4},"end":{"line":67,"column":5}},"37":{"start":{"line":52,"column":8},"end":{"line":52,"column":57}},"38":{"start":{"line":55,"column":6},"end":{"line":55,"column":39}},"39":{"start":{"line":56,"column":6},"end":{"line":56,"column":28}},"40":{"start":{"line":57,"column":6},"end":{"line":64,"column":7}},"41":{"start":{"line":59,"column":10},"end":{"line":59,"column":56}},"42":{"start":{"line":62,"column":8},"end":{"line":62,"column":37}},"43":{"start":{"line":63,"column":8},"end":{"line":63,"column":30}},"44":{"start":{"line":66,"column":6},"end":{"line":66,"column":68}},"45":{"start":{"line":69,"column":2},"end":{"line":69,"column":28}},"46":{"start":{"line":72,"column":0},"end":{"line":72,"column":24}}},"fnMap":{"0":{"name":"(anonymous_0)","decl":{"start":{"line":12,"column":45},"end":{"line":12,"column":46}},"loc":{"start":{"line":12,"column":65},"end":{"line":17,"column":1}},"line":12},"1":{"name":"(anonymous_1)","decl":{"start":{"line":19,"column":45},"end":{"line":19,"column":46}},"loc":{"start":{"line":19,"column":65},"end":{"line":70,"column":1}},"line":19},"2":{"name":"(anonymous_2)","decl":{"start":{"line":32,"column":27},"end":{"line":32,"column":28}},"loc":{"start":{"line":33,"column":8},"end":{"line":33,"column":54}},"line":33},"3":{"name":"(anonymous_3)","decl":{"start":{"line":39,"column":31},"end":{"line":39,"column":32}},"loc":{"start":{"line":40,"column":10},"end":{"line":40,"column":59}},"line":40},"4":{"name":"(anonymous_4)","decl":{"start":{"line":51,"column":30},"end":{"line":51,"column":31}},"loc":{"start":{"line":52,"column":8},"end":{"line":52,"column":57}},"line":52},"5":{"name":"(anonymous_5)","decl":{"start":{"line":58,"column":28},"end":{"line":58,"column":29}},"loc":{"start":{"line":59,"column":10},"end":{"line":59,"column":56}},"line":59}},"branchMap":{"0":{"loc":{"start":{"line":14,"column":2},"end":{"line":14,"column":80}},"type":"if","locations":[{"start":{"line":14,"column":2},"end":{"line":14,"column":80}},{"start":{"line":14,"column":2},"end":{"line":14,"column":80}}],"line":14},"1":{"loc":{"start":{"line":21,"column":2},"end":{"line":21,"column":73}},"type":"if","locations":[{"start":{"line":21,"column":2},"end":{"line":21,"column":73}},{"start":{"line":21,"column":2},"end":{"line":21,"column":73}}],"line":21},"2":{"loc":{"start":{"line":24,"column":2},"end":{"line":25,"column":68}},"type":"if","locations":[{"start":{"line":24,"column":2},"end":{"line":25,"column":68}},{"start":{"line":24,"column":2},"end":{"line":25,"column":68}}],"line":24},"3":{"loc":{"start":{"line":28,"column":2},"end":{"line":28,"column":73}},"type":"if","locations":[{"start":{"line":28,"column":2},"end":{"line":28,"column":73}},{"start":{"line":28,"column":2},"end":{"line":28,"column":73}}],"line":28},"4":{"loc":{"start":{"line":30,"column":2},"end":{"line":68,"column":3}},"type":"if","locations":[{"start":{"line":30,"column":2},"end":{"line":68,"column":3}},{"start":{"line":30,"column":2},"end":{"line":68,"column":3}}],"line":30},"5":{"loc":{"start":{"line":31,"column":4},"end":{"line":48,"column":5}},"type":"if","locations":[{"start":{"line":31,"column":4},"end":{"line":48,"column":5}},{"start":{"line":31,"column":4},"end":{"line":48,"column":5}}],"line":31},"6":{"loc":{"start":{"line":38,"column":6},"end":{"line":45,"column":7}},"type":"if","locations":[{"start":{"line":38,"column":6},"end":{"line":45,"column":7}},{"start":{"line":38,"column":6},"end":{"line":45,"column":7}}],"line":38},"7":{"loc":{"start":{"line":49,"column":9},"end":{"line":68,"column":3}},"type":"if","locations":[{"start":{"line":49,"column":9},"end":{"line":68,"column":3}},{"start":{"line":49,"column":9},"end":{"line":68,"column":3}}],"line":49},"8":{"loc":{"start":{"line":50,"column":4},"end":{"line":67,"column":5}},"type":"if","locations":[{"start":{"line":50,"column":4},"end":{"line":67,"column":5}},{"start":{"line":50,"column":4},"end":{"line":67,"column":5}}],"line":50},"9":{"loc":{"start":{"line":57,"column":6},"end":{"line":64,"column":7}},"type":"if","locations":[{"start":{"line":57,"column":6},"end":{"line":64,"column":7}},{"start":{"line":57,"column":6},"end":{"line":64,"column":7}}],"line":57}},"s":{"0":6,"1":6,"2":6,"3":6,"4":6,"5":6,"6":6,"7":6,"8":6,"9":6,"10":6,"11":2,"12":2,"13":1,"14":1,"15":6,"16":7,"17":7,"18":1,"19":6,"20":6,"21":1,"22":5,"23":5,"24":2,"25":3,"26":1,"27":0,"28":1,"29":1,"30":1,"31":0,"32":0,"33":0,"34":0,"35":2,"36":2,"37":1,"38":1,"39":1,"40":1,"41":0,"42":0,"43":0,"44":1,"45":2,"46":6},"f":{"0":2,"1":7,"2":0,"3":0,"4":1,"5":0},"b":{"0":[1,1],"1":[1,6],"2":[1,5],"3":[2,3],"4":[1,2],"5":[1,0],"6":[0,1],"7":[2,0],"8":[1,1],"9":[0,1]},"_coverageSchema":"43e27e138ebf9cfc5966b082cf9a028302ed4184","hash":"9c979b6d5572dd1c525fa72d8b74534dd874fc11"}
,"C:\\Users\\Kamcio\\Desktop\\blogging.me\\backend\\routers\\users.js": {"path":"C:\\Users\\Kamcio\\Desktop\\blogging.me\\backend\\routers\\users.js","statementMap":{"0":{"start":{"line":1,"column":16},"end":{"line":1,"column":34}},"1":{"start":{"line":2,"column":17},"end":{"line":2,"column":36}},"2":{"start":{"line":3,"column":13},"end":{"line":3,"column":28}},"3":{"start":{"line":4,"column":12},"end":{"line":4,"column":26}},"4":{"start":{"line":5,"column":15},"end":{"line":5,"column":32}},"5":{"start":{"line":6,"column":10},"end":{"line":6,"column":27}},"6":{"start":{"line":7,"column":13},"end":{"line":7,"column":42}},"7":{"start":{"line":8,"column":25},"end":{"line":8,"column":49}},"8":{"start":{"line":9,"column":15},"end":{"line":9,"column":39}},"9":{"start":{"line":10,"column":25},"end":{"line":10,"column":66}},"10":{"start":{"line":11,"column":15},"end":{"line":11,"column":31}},"11":{"start":{"line":13,"column":0},"end":{"line":13,"column":19}},"12":{"start":{"line":15,"column":0},"end":{"line":17,"column":3}},"13":{"start":{"line":16,"column":2},"end":{"line":16,"column":60}},"14":{"start":{"line":19,"column":0},"end":{"line":23,"column":3}},"15":{"start":{"line":20,"column":15},"end":{"line":20,"column":49}},"16":{"start":{"line":21,"column":2},"end":{"line":21,"column":73}},"17":{"start":{"line":21,"column":13},"end":{"line":21,"column":73}},"18":{"start":{"line":22,"column":2},"end":{"line":22,"column":17}},"19":{"start":{"line":25,"column":0},"end":{"line":49,"column":3}},"20":{"start":{"line":26,"column":15},"end":{"line":26,"column":49}},"21":{"start":{"line":27,"column":2},"end":{"line":27,"column":73}},"22":{"start":{"line":27,"column":13},"end":{"line":27,"column":73}},"23":{"start":{"line":28,"column":16},"end":{"line":28,"column":33}},"24":{"start":{"line":29,"column":16},"end":{"line":29,"column":33}},"25":{"start":{"line":30,"column":19},"end":{"line":30,"column":21}},"26":{"start":{"line":31,"column":23},"end":{"line":31,"column":25}},"27":{"start":{"line":32,"column":2},"end":{"line":36,"column":4}},"28":{"start":{"line":33,"column":4},"end":{"line":35,"column":6}},"29":{"start":{"line":34,"column":6},"end":{"line":34,"column":79}},"30":{"start":{"line":34,"column":55},"end":{"line":34,"column":79}},"31":{"start":{"line":37,"column":2},"end":{"line":42,"column":4}},"32":{"start":{"line":38,"column":4},"end":{"line":41,"column":6}},"33":{"start":{"line":39,"column":6},"end":{"line":40,"column":36}},"34":{"start":{"line":40,"column":8},"end":{"line":40,"column":36}},"35":{"start":{"line":44,"column":2},"end":{"line":48,"column":5}},"36":{"start":{"line":51,"column":0},"end":{"line":63,"column":3}},"37":{"start":{"line":52,"column":16},"end":{"line":52,"column":33}},"38":{"start":{"line":53,"column":15},"end":{"line":53,"column":49}},"39":{"start":{"line":54,"column":2},"end":{"line":54,"column":73}},"40":{"start":{"line":54,"column":13},"end":{"line":54,"column":73}},"41":{"start":{"line":56,"column":20},"end":{"line":60,"column":4}},"42":{"start":{"line":57,"column":4},"end":{"line":59,"column":6}},"43":{"start":{"line":58,"column":6},"end":{"line":58,"column":56}},"44":{"start":{"line":62,"column":2},"end":{"line":62,"column":29}},"45":{"start":{"line":65,"column":0},"end":{"line":73,"column":3}},"46":{"start":{"line":66,"column":16},"end":{"line":66,"column":33}},"47":{"start":{"line":67,"column":22},"end":{"line":70,"column":3}},"48":{"start":{"line":69,"column":6},"end":{"line":69,"column":62}},"49":{"start":{"line":72,"column":2},"end":{"line":72,"column":24}},"50":{"start":{"line":75,"column":0},"end":{"line":93,"column":3}},"51":{"start":{"line":76,"column":18},"end":{"line":76,"column":36}},"52":{"start":{"line":77,"column":2},"end":{"line":77,"column":60}},"53":{"start":{"line":77,"column":13},"end":{"line":77,"column":60}},"54":{"start":{"line":79,"column":13},"end":{"line":79,"column":56}},"55":{"start":{"line":80,"column":2},"end":{"line":80,"column":67}},"56":{"start":{"line":80,"column":12},"end":{"line":80,"column":67}},"57":{"start":{"line":82,"column":2},"end":{"line":84,"column":4}},"58":{"start":{"line":85,"column":15},"end":{"line":85,"column":39}},"59":{"start":{"line":86,"column":2},"end":{"line":86,"column":57}},"60":{"start":{"line":88,"column":2},"end":{"line":88,"column":20}},"61":{"start":{"line":89,"column":2},"end":{"line":92,"column":5}},"62":{"start":{"line":95,"column":0},"end":{"line":113,"column":3}},"63":{"start":{"line":96,"column":22},"end":{"line":96,"column":62}},"64":{"start":{"line":97,"column":2},"end":{"line":97,"column":80}},"65":{"start":{"line":97,"column":20},"end":{"line":97,"column":80}},"66":{"start":{"line":99,"column":21},"end":{"line":99,"column":64}},"67":{"start":{"line":100,"column":2},"end":{"line":101,"column":66}},"68":{"start":{"line":101,"column":4},"end":{"line":101,"column":66}},"69":{"start":{"line":103,"column":2},"end":{"line":103,"column":45}},"70":{"start":{"line":104,"column":2},"end":{"line":104,"column":27}},"71":{"start":{"line":106,"column":2},"end":{"line":111,"column":3}},"72":{"start":{"line":107,"column":4},"end":{"line":110,"column":7}},"73":{"start":{"line":112,"column":2},"end":{"line":112,"column":39}},"74":{"start":{"line":115,"column":0},"end":{"line":124,"column":3}},"75":{"start":{"line":116,"column":22},"end":{"line":116,"column":62}},"76":{"start":{"line":117,"column":2},"end":{"line":117,"column":80}},"77":{"start":{"line":117,"column":20},"end":{"line":117,"column":80}},"78":{"start":{"line":119,"column":2},"end":{"line":121,"column":4}},"79":{"start":{"line":120,"column":16},"end":{"line":120,"column":76}},"80":{"start":{"line":122,"column":2},"end":{"line":122,"column":27}},"81":{"start":{"line":123,"column":2},"end":{"line":123,"column":39}},"82":{"start":{"line":126,"column":0},"end":{"line":139,"column":3}},"83":{"start":{"line":127,"column":18},"end":{"line":127,"column":46}},"84":{"start":{"line":128,"column":2},"end":{"line":128,"column":60}},"85":{"start":{"line":128,"column":13},"end":{"line":128,"column":60}},"86":{"start":{"line":130,"column":47},"end":{"line":130,"column":55}},"87":{"start":{"line":131,"column":13},"end":{"line":131,"column":47}},"88":{"start":{"line":132,"column":2},"end":{"line":132,"column":21}},"89":{"start":{"line":133,"column":2},"end":{"line":133,"column":29}},"90":{"start":{"line":134,"column":2},"end":{"line":134,"column":27}},"91":{"start":{"line":135,"column":2},"end":{"line":135,"column":23}},"92":{"start":{"line":137,"column":2},"end":{"line":137,"column":20}},"93":{"start":{"line":138,"column":2},"end":{"line":138,"column":17}},"94":{"start":{"line":141,"column":0},"end":{"line":143,"column":3}},"95":{"start":{"line":142,"column":2},"end":{"line":142,"column":56}},"96":{"start":{"line":146,"column":17},"end":{"line":151,"column":3}},"97":{"start":{"line":152,"column":2},"end":{"line":152,"column":36}},"98":{"start":{"line":155,"column":0},"end":{"line":155,"column":24}}},"fnMap":{"0":{"name":"(anonymous_0)","decl":{"start":{"line":15,"column":16},"end":{"line":15,"column":17}},"loc":{"start":{"line":15,"column":36},"end":{"line":17,"column":1}},"line":15},"1":{"name":"(anonymous_1)","decl":{"start":{"line":19,"column":37},"end":{"line":19,"column":38}},"loc":{"start":{"line":19,"column":57},"end":{"line":23,"column":1}},"line":19},"2":{"name":"(anonymous_2)","decl":{"start":{"line":25,"column":61},"end":{"line":25,"column":62}},"loc":{"start":{"line":25,"column":81},"end":{"line":49,"column":1}},"line":25},"3":{"name":"(anonymous_3)","decl":{"start":{"line":32,"column":23},"end":{"line":32,"column":24}},"loc":{"start":{"line":33,"column":4},"end":{"line":35,"column":6}},"line":33},"4":{"name":"(anonymous_4)","decl":{"start":{"line":33,"column":14},"end":{"line":33,"column":15}},"loc":{"start":{"line":33,"column":19},"end":{"line":35,"column":5}},"line":33},"5":{"name":"(anonymous_5)","decl":{"start":{"line":37,"column":27},"end":{"line":37,"column":28}},"loc":{"start":{"line":38,"column":4},"end":{"line":41,"column":6}},"line":38},"6":{"name":"(anonymous_6)","decl":{"start":{"line":38,"column":14},"end":{"line":38,"column":15}},"loc":{"start":{"line":38,"column":19},"end":{"line":41,"column":5}},"line":38},"7":{"name":"(anonymous_7)","decl":{"start":{"line":51,"column":55},"end":{"line":51,"column":56}},"loc":{"start":{"line":51,"column":75},"end":{"line":63,"column":1}},"line":51},"8":{"name":"(anonymous_8)","decl":{"start":{"line":56,"column":39},"end":{"line":56,"column":40}},"loc":{"start":{"line":56,"column":51},"end":{"line":60,"column":3}},"line":56},"9":{"name":"(anonymous_9)","decl":{"start":{"line":57,"column":22},"end":{"line":57,"column":23}},"loc":{"start":{"line":58,"column":6},"end":{"line":58,"column":56}},"line":58},"10":{"name":"(anonymous_10)","decl":{"start":{"line":65,"column":44},"end":{"line":65,"column":45}},"loc":{"start":{"line":65,"column":64},"end":{"line":73,"column":1}},"line":65},"11":{"name":"(anonymous_11)","decl":{"start":{"line":68,"column":4},"end":{"line":68,"column":5}},"loc":{"start":{"line":69,"column":6},"end":{"line":69,"column":62}},"line":69},"12":{"name":"(anonymous_12)","decl":{"start":{"line":75,"column":25},"end":{"line":75,"column":26}},"loc":{"start":{"line":75,"column":45},"end":{"line":93,"column":1}},"line":75},"13":{"name":"(anonymous_13)","decl":{"start":{"line":95,"column":53},"end":{"line":95,"column":54}},"loc":{"start":{"line":95,"column":73},"end":{"line":113,"column":1}},"line":95},"14":{"name":"(anonymous_14)","decl":{"start":{"line":115,"column":54},"end":{"line":115,"column":55}},"loc":{"start":{"line":115,"column":74},"end":{"line":124,"column":1}},"line":115},"15":{"name":"(anonymous_15)","decl":{"start":{"line":120,"column":4},"end":{"line":120,"column":5}},"loc":{"start":{"line":120,"column":16},"end":{"line":120,"column":76}},"line":120},"16":{"name":"(anonymous_16)","decl":{"start":{"line":126,"column":37},"end":{"line":126,"column":38}},"loc":{"start":{"line":126,"column":57},"end":{"line":139,"column":1}},"line":126},"17":{"name":"(anonymous_17)","decl":{"start":{"line":141,"column":40},"end":{"line":141,"column":41}},"loc":{"start":{"line":141,"column":60},"end":{"line":143,"column":1}},"line":141},"18":{"name":"validateUpdateUser","decl":{"start":{"line":145,"column":9},"end":{"line":145,"column":27}},"loc":{"start":{"line":145,"column":34},"end":{"line":153,"column":1}},"line":145}},"branchMap":{"0":{"loc":{"start":{"line":21,"column":2},"end":{"line":21,"column":73}},"type":"if","locations":[{"start":{"line":21,"column":2},"end":{"line":21,"column":73}},{"start":{"line":21,"column":2},"end":{"line":21,"column":73}}],"line":21},"1":{"loc":{"start":{"line":27,"column":2},"end":{"line":27,"column":73}},"type":"if","locations":[{"start":{"line":27,"column":2},"end":{"line":27,"column":73}},{"start":{"line":27,"column":2},"end":{"line":27,"column":73}}],"line":27},"2":{"loc":{"start":{"line":34,"column":6},"end":{"line":34,"column":79}},"type":"if","locations":[{"start":{"line":34,"column":6},"end":{"line":34,"column":79}},{"start":{"line":34,"column":6},"end":{"line":34,"column":79}}],"line":34},"3":{"loc":{"start":{"line":39,"column":6},"end":{"line":40,"column":36}},"type":"if","locations":[{"start":{"line":39,"column":6},"end":{"line":40,"column":36}},{"start":{"line":39,"column":6},"end":{"line":40,"column":36}}],"line":39},"4":{"loc":{"start":{"line":54,"column":2},"end":{"line":54,"column":73}},"type":"if","locations":[{"start":{"line":54,"column":2},"end":{"line":54,"column":73}},{"start":{"line":54,"column":2},"end":{"line":54,"column":73}}],"line":54},"5":{"loc":{"start":{"line":77,"column":2},"end":{"line":77,"column":60}},"type":"if","locations":[{"start":{"line":77,"column":2},"end":{"line":77,"column":60}},{"start":{"line":77,"column":2},"end":{"line":77,"column":60}}],"line":77},"6":{"loc":{"start":{"line":80,"column":2},"end":{"line":80,"column":67}},"type":"if","locations":[{"start":{"line":80,"column":2},"end":{"line":80,"column":67}},{"start":{"line":80,"column":2},"end":{"line":80,"column":67}}],"line":80},"7":{"loc":{"start":{"line":97,"column":2},"end":{"line":97,"column":80}},"type":"if","locations":[{"start":{"line":97,"column":2},"end":{"line":97,"column":80}},{"start":{"line":97,"column":2},"end":{"line":97,"column":80}}],"line":97},"8":{"loc":{"start":{"line":100,"column":2},"end":{"line":101,"column":66}},"type":"if","locations":[{"start":{"line":100,"column":2},"end":{"line":101,"column":66}},{"start":{"line":100,"column":2},"end":{"line":101,"column":66}}],"line":100},"9":{"loc":{"start":{"line":106,"column":2},"end":{"line":111,"column":3}},"type":"if","locations":[{"start":{"line":106,"column":2},"end":{"line":111,"column":3}},{"start":{"line":106,"column":2},"end":{"line":111,"column":3}}],"line":106},"10":{"loc":{"start":{"line":117,"column":2},"end":{"line":117,"column":80}},"type":"if","locations":[{"start":{"line":117,"column":2},"end":{"line":117,"column":80}},{"start":{"line":117,"column":2},"end":{"line":117,"column":80}}],"line":117},"11":{"loc":{"start":{"line":128,"column":2},"end":{"line":128,"column":60}},"type":"if","locations":[{"start":{"line":128,"column":2},"end":{"line":128,"column":60}},{"start":{"line":128,"column":2},"end":{"line":128,"column":60}}],"line":128}},"s":{"0":6,"1":6,"2":6,"3":6,"4":6,"5":6,"6":6,"7":6,"8":6,"9":6,"10":6,"11":6,"12":6,"13":1,"14":6,"15":2,"16":2,"17":1,"18":1,"19":6,"20":1,"21":1,"22":1,"23":0,"24":0,"25":0,"26":0,"27":0,"28":0,"29":0,"30":0,"31":0,"32":0,"33":0,"34":0,"35":0,"36":6,"37":2,"38":2,"39":2,"40":2,"41":0,"42":0,"43":0,"44":0,"45":6,"46":1,"47":1,"48":1,"49":1,"50":6,"51":3,"52":3,"53":1,"54":3,"55":3,"56":1,"57":2,"58":2,"59":2,"60":1,"61":1,"62":6,"63":3,"64":3,"65":1,"66":2,"67":2,"68":1,"69":1,"70":1,"71":1,"72":0,"73":1,"74":6,"75":2,"76":2,"77":1,"78":1,"79":0,"80":1,"81":1,"82":6,"83":2,"84":2,"85":1,"86":2,"87":2,"88":2,"89":2,"90":2,"91":2,"92":2,"93":1,"94":6,"95":0,"96":2,"97":2,"98":6},"f":{"0":1,"1":2,"2":1,"3":0,"4":0,"5":0,"6":0,"7":2,"8":0,"9":0,"10":1,"11":1,"12":3,"13":3,"14":2,"15":0,"16":2,"17":0,"18":2},"b":{"0":[1,1],"1":[1,0],"2":[0,0],"3":[0,0],"4":[2,0],"5":[1,2],"6":[1,2],"7":[1,2],"8":[1,1],"9":[0,1],"10":[1,1],"11":[1,1]},"_coverageSchema":"43e27e138ebf9cfc5966b082cf9a028302ed4184","hash":"581f71cdf22f69c351911c1288873471a5fb3d3e"}
,"C:\\Users\\Kamcio\\Desktop\\blogging.me\\backend\\startup\\config.js": {"path":"C:\\Users\\Kamcio\\Desktop\\blogging.me\\backend\\startup\\config.js","statementMap":{"0":{"start":{"line":1,"column":15},"end":{"line":1,"column":32}},"1":{"start":{"line":3,"column":0},"end":{"line":7,"column":1}},"2":{"start":{"line":4,"column":2},"end":{"line":6,"column":3}},"3":{"start":{"line":5,"column":4},"end":{"line":5,"column":66}}},"fnMap":{"0":{"name":"(anonymous_0)","decl":{"start":{"line":3,"column":17},"end":{"line":3,"column":18}},"loc":{"start":{"line":3,"column":28},"end":{"line":7,"column":1}},"line":3}},"branchMap":{"0":{"loc":{"start":{"line":4,"column":2},"end":{"line":6,"column":3}},"type":"if","locations":[{"start":{"line":4,"column":2},"end":{"line":6,"column":3}},{"start":{"line":4,"column":2},"end":{"line":6,"column":3}}],"line":4}},"s":{"0":6,"1":6,"2":6,"3":0},"f":{"0":6},"b":{"0":[0,6]},"_coverageSchema":"43e27e138ebf9cfc5966b082cf9a028302ed4184","hash":"f0fe202948a6cdc53e864f65c8f7fe4511f82967"}
,"C:\\Users\\Kamcio\\Desktop\\blogging.me\\backend\\startup\\db.js": {"path":"C:\\Users\\Kamcio\\Desktop\\blogging.me\\backend\\startup\\db.js","statementMap":{"0":{"start":{"line":1,"column":16},"end":{"line":1,"column":34}},"1":{"start":{"line":2,"column":17},"end":{"line":2,"column":36}},"2":{"start":{"line":3,"column":15},"end":{"line":3,"column":32}},"3":{"start":{"line":5,"column":0},"end":{"line":12,"column":2}},"4":{"start":{"line":6,"column":13},"end":{"line":6,"column":29}},"5":{"start":{"line":7,"column":2},"end":{"line":11,"column":55}},"6":{"start":{"line":11,"column":16},"end":{"line":11,"column":53}}},"fnMap":{"0":{"name":"(anonymous_0)","decl":{"start":{"line":5,"column":17},"end":{"line":5,"column":18}},"loc":{"start":{"line":5,"column":29},"end":{"line":12,"column":1}},"line":5},"1":{"name":"(anonymous_1)","decl":{"start":{"line":11,"column":10},"end":{"line":11,"column":11}},"loc":{"start":{"line":11,"column":16},"end":{"line":11,"column":53}},"line":11}},"branchMap":{},"s":{"0":6,"1":6,"2":6,"3":6,"4":6,"5":6,"6":6},"f":{"0":6,"1":6},"b":{},"_coverageSchema":"43e27e138ebf9cfc5966b082cf9a028302ed4184","hash":"dda0f850bc3813babbdea24a574e9347cd28a6e8"}
,"C:\\Users\\Kamcio\\Desktop\\blogging.me\\backend\\startup\\logging.js": {"path":"C:\\Users\\Kamcio\\Desktop\\blogging.me\\backend\\startup\\logging.js","statementMap":{"0":{"start":{"line":1,"column":16},"end":{"line":1,"column":34}},"1":{"start":{"line":3,"column":0},"end":{"line":3,"column":32}},"2":{"start":{"line":5,"column":0},"end":{"line":19,"column":2}},"3":{"start":{"line":6,"column":2},"end":{"line":8,"column":71}},"4":{"start":{"line":10,"column":2},"end":{"line":12,"column":5}},"5":{"start":{"line":11,"column":4},"end":{"line":11,"column":13}},"6":{"start":{"line":14,"column":2},"end":{"line":14,"column":66}}},"fnMap":{"0":{"name":"(anonymous_0)","decl":{"start":{"line":5,"column":17},"end":{"line":5,"column":18}},"loc":{"start":{"line":5,"column":29},"end":{"line":19,"column":1}},"line":5},"1":{"name":"(anonymous_1)","decl":{"start":{"line":10,"column":35},"end":{"line":10,"column":36}},"loc":{"start":{"line":10,"column":43},"end":{"line":12,"column":3}},"line":10}},"branchMap":{},"s":{"0":6,"1":6,"2":6,"3":6,"4":6,"5":0,"6":6},"f":{"0":6,"1":0},"b":{},"_coverageSchema":"43e27e138ebf9cfc5966b082cf9a028302ed4184","hash":"128696789398150ff27f6a748e8e1c14250c6d22"}
,"C:\\Users\\Kamcio\\Desktop\\blogging.me\\backend\\startup\\routes.js": {"path":"C:\\Users\\Kamcio\\Desktop\\blogging.me\\backend\\startup\\routes.js","statementMap":{"0":{"start":{"line":1,"column":16},"end":{"line":1,"column":34}},"1":{"start":{"line":3,"column":14},"end":{"line":3,"column":41}},"2":{"start":{"line":4,"column":14},"end":{"line":4,"column":41}},"3":{"start":{"line":5,"column":14},"end":{"line":5,"column":41}},"4":{"start":{"line":6,"column":14},"end":{"line":6,"column":41}},"5":{"start":{"line":7,"column":17},"end":{"line":7,"column":47}},"6":{"start":{"line":8,"column":18},"end":{"line":8,"column":49}},"7":{"start":{"line":10,"column":0},"end":{"line":18,"column":1}},"8":{"start":{"line":11,"column":2},"end":{"line":11,"column":26}},"9":{"start":{"line":12,"column":2},"end":{"line":12,"column":27}},"10":{"start":{"line":13,"column":2},"end":{"line":13,"column":27}},"11":{"start":{"line":14,"column":2},"end":{"line":14,"column":27}},"12":{"start":{"line":15,"column":2},"end":{"line":15,"column":27}},"13":{"start":{"line":16,"column":2},"end":{"line":16,"column":33}},"14":{"start":{"line":17,"column":2},"end":{"line":17,"column":35}}},"fnMap":{"0":{"name":"(anonymous_0)","decl":{"start":{"line":10,"column":17},"end":{"line":10,"column":18}},"loc":{"start":{"line":10,"column":32},"end":{"line":18,"column":1}},"line":10}},"branchMap":{},"s":{"0":6,"1":6,"2":6,"3":6,"4":6,"5":6,"6":6,"7":6,"8":6,"9":6,"10":6,"11":6,"12":6,"13":6,"14":6},"f":{"0":6},"b":{},"_coverageSchema":"43e27e138ebf9cfc5966b082cf9a028302ed4184","hash":"099bc05ed92de1a95dd552359f12bef7e6e8a9b2"}
,"C:\\Users\\Kamcio\\Desktop\\blogging.me\\backend\\startup\\validation.js": {"path":"C:\\Users\\Kamcio\\Desktop\\blogging.me\\backend\\startup\\validation.js","statementMap":{"0":{"start":{"line":1,"column":12},"end":{"line":1,"column":26}},"1":{"start":{"line":3,"column":0},"end":{"line":5,"column":1}},"2":{"start":{"line":4,"column":2},"end":{"line":4,"column":46}}},"fnMap":{"0":{"name":"(anonymous_0)","decl":{"start":{"line":3,"column":17},"end":{"line":3,"column":18}},"loc":{"start":{"line":3,"column":28},"end":{"line":5,"column":1}},"line":3}},"branchMap":{},"s":{"0":6,"1":6,"2":6},"f":{"0":6},"b":{},"_coverageSchema":"43e27e138ebf9cfc5966b082cf9a028302ed4184","hash":"40981312869c54d79d34169a7295d7eb64666a6a"}
}
