TN:
SF:C:\Users\Kamcio\Desktop\blogging.me\backend\model\blog.js
FN:25,validateBlog
FNF:1
FNH:1
FNDA:6,validateBlog
DA:1,1
DA:2,1
DA:4,1
DA:23,1
DA:26,6
DA:32,6
DA:35,1
DA:36,1
LF:8
LH:8
BRF:0
BRH:0
end_of_record
TN:
SF:C:\Users\Kamcio\Desktop\blogging.me\backend\model\comment.js
FN:21,validateComment
FNF:1
FNH:1
FNDA:9,validateComment
DA:1,1
DA:2,1
DA:4,1
DA:19,1
DA:22,9
DA:27,9
DA:30,1
DA:31,1
LF:8
LH:8
BRF:0
BRH:0
end_of_record
TN:
SF:C:\Users\Kamcio\Desktop\blogging.me\backend\model\customization.js
FN:17,validateCustomization
FNF:1
FNH:1
FNDA:7,validateCustomization
DA:1,1
DA:2,1
DA:4,1
DA:15,1
DA:18,7
DA:22,7
DA:25,1
DA:26,1
LF:8
LH:8
BRF:0
BRH:0
end_of_record
TN:
SF:C:\Users\Kamcio\Desktop\blogging.me\backend\model\post.js
FN:36,validatePost
FNF:1
FNH:1
FNDA:12,validatePost
DA:1,1
DA:2,1
DA:4,1
DA:34,1
DA:37,12
DA:43,12
DA:46,1
DA:47,1
LF:8
LH:8
BRF:0
BRH:0
end_of_record
TN:
SF:C:\Users\Kamcio\Desktop\blogging.me\backend\model\user.js
FN:47,(anonymous_0)
FN:64,validateUser
FNF:2
FNH:2
FNDA:1,(anonymous_0)
FNDA:22,validateUser
DA:1,1
DA:2,1
DA:3,1
DA:4,1
DA:6,1
DA:47,1
DA:48,1
DA:50,1
DA:62,1
DA:65,22
DA:84,22
DA:87,1
DA:88,1
LF:13
LH:13
BRF:0
BRH:0
end_of_record
