TN:
SF:C:\Users\Kamcio\Desktop\blogging.me\backend\index.js
FN:12,(anonymous_0)
FNF:1
FNH:1
FNDA:6,(anonymous_0)
DA:1,6
DA:2,6
DA:3,6
DA:5,6
DA:6,6
DA:7,6
DA:8,6
DA:9,6
DA:11,6
DA:12,6
DA:14,6
LF:11
LH:11
BRDA:11,0,0,6
BRDA:11,0,1,6
BRF:2
BRH:2
end_of_record
TN:
SF:C:\Users\Kamcio\Desktop\blogging.me\backend\middleware\auth.js
FN:4,(anonymous_0)
FNF:1
FNH:1
FNDA:86,(anonymous_0)
DA:1,6
DA:2,6
DA:4,6
DA:5,86
DA:6,18
DA:8,68
DA:12,68
DA:13,68
DA:14,68
DA:15,0
DA:16,0
DA:17,0
DA:19,68
DA:21,0
LF:14
LH:10
BRDA:5,0,0,18
BRDA:5,0,1,68
BRDA:13,1,0,68
BRDA:13,1,1,0
BRDA:14,2,0,0
BRDA:14,2,1,68
BRF:6
BRH:4
end_of_record
TN:
SF:C:\Users\Kamcio\Desktop\blogging.me\backend\middleware\validateObjectId.js
FN:3,(anonymous_0)
FNF:1
FNH:1
FNDA:77,(anonymous_0)
DA:1,6
DA:3,6
DA:4,77
DA:5,22
DA:7,55
LF:5
LH:5
BRDA:4,0,0,22
BRDA:4,0,1,55
BRF:2
BRH:2
end_of_record
TN:
SF:C:\Users\Kamcio\Desktop\blogging.me\backend\model\blog.js
FN:25,validateBlog
FNF:1
FNH:1
FNDA:15,validateBlog
DA:1,7
DA:2,7
DA:4,7
DA:23,7
DA:26,15
DA:32,15
DA:35,7
DA:36,7
LF:8
LH:8
BRF:0
BRH:0
end_of_record
TN:
SF:C:\Users\Kamcio\Desktop\blogging.me\backend\model\comment.js
FN:21,validateComment
FNF:1
FNH:1
FNDA:15,validateComment
DA:1,7
DA:2,7
DA:4,7
DA:19,7
DA:22,15
DA:27,15
DA:30,7
DA:31,7
LF:8
LH:8
BRF:0
BRH:0
end_of_record
TN:
SF:C:\Users\Kamcio\Desktop\blogging.me\backend\model\customization.js
FN:17,validateCustomization
FNF:1
FNH:1
FNDA:12,validateCustomization
DA:1,7
DA:2,7
DA:4,7
DA:15,7
DA:18,12
DA:22,12
DA:25,7
DA:26,7
LF:8
LH:8
BRF:0
BRH:0
end_of_record
TN:
SF:C:\Users\Kamcio\Desktop\blogging.me\backend\model\post.js
FN:36,validatePost
FNF:1
FNH:1
FNDA:18,validatePost
DA:1,7
DA:2,7
DA:4,7
DA:34,7
DA:37,18
DA:43,18
DA:46,7
DA:47,7
LF:8
LH:8
BRF:0
BRH:0
end_of_record
TN:
SF:C:\Users\Kamcio\Desktop\blogging.me\backend\model\reaction.js
FNF:0
FNH:0
DA:1,6
DA:3,6
DA:18,6
DA:20,6
LF:4
LH:4
BRF:0
BRH:0
end_of_record
TN:
SF:C:\Users\Kamcio\Desktop\blogging.me\backend\model\user.js
FN:47,(anonymous_0)
FN:64,validateUser
FNF:2
FNH:2
FNDA:72,(anonymous_0)
FNDA:25,validateUser
DA:1,7
DA:2,7
DA:3,7
DA:4,7
DA:6,7
DA:47,7
DA:48,72
DA:50,72
DA:62,7
DA:65,25
DA:84,25
DA:87,7
DA:88,7
LF:13
LH:13
BRF:0
BRH:0
end_of_record
TN:
SF:C:\Users\Kamcio\Desktop\blogging.me\backend\routers\blogs.js
FN:16,(anonymous_0)
FN:18,(anonymous_1)
FN:25,(anonymous_2)
FN:26,(anonymous_3)
FN:44,(anonymous_4)
FN:92,(anonymous_5)
FN:111,(anonymous_6)
FN:116,(anonymous_7)
FN:117,(anonymous_8)
FNF:9
FNH:5
FNDA:1,(anonymous_0)
FNDA:2,(anonymous_1)
FNDA:0,(anonymous_2)
FNDA:0,(anonymous_3)
FNDA:6,(anonymous_4)
FNDA:3,(anonymous_5)
FNDA:2,(anonymous_6)
FNDA:0,(anonymous_7)
FNDA:0,(anonymous_8)
DA:1,6
DA:2,6
DA:3,6
DA:4,6
DA:5,6
DA:6,6
DA:7,6
DA:11,6
DA:12,6
DA:14,6
DA:16,6
DA:18,6
DA:19,2
DA:20,2
DA:21,0
DA:23,0
DA:25,0
DA:26,0
DA:27,0
DA:28,0
DA:33,0
DA:34,0
DA:39,0
DA:44,6
DA:45,6
DA:46,6
DA:48,5
DA:51,5
DA:52,2
DA:54,3
DA:55,3
DA:57,1
DA:61,1
DA:62,0
DA:66,1
DA:68,1
DA:69,1
DA:70,1
DA:71,0
DA:74,0
DA:75,0
DA:77,0
DA:79,0
DA:81,0
DA:82,0
DA:87,0
DA:92,6
DA:93,3
DA:94,3
DA:96,3
DA:97,3
DA:106,3
DA:108,2
DA:111,6
DA:112,2
DA:113,2
DA:115,1
DA:116,1
DA:117,0
DA:118,0
DA:120,0
DA:122,1
DA:124,1
DA:125,0
DA:130,1
DA:133,6
LF:66
LH:44
BRDA:20,0,0,2
BRDA:20,0,1,0
BRDA:27,1,0,0
BRDA:27,1,1,0
BRDA:33,2,0,0
BRDA:33,2,1,0
BRDA:46,3,0,1
BRDA:46,3,1,5
BRDA:51,4,0,2
BRDA:51,4,1,3
BRDA:55,5,0,2
BRDA:55,5,1,1
BRDA:61,6,0,0
BRDA:61,6,1,1
BRDA:69,7,0,1
BRDA:69,7,1,0
BRDA:81,8,0,0
BRDA:81,8,1,0
BRDA:94,9,0,1
BRDA:94,9,1,2
BRDA:106,10,0,1
BRDA:106,10,1,2
BRDA:113,11,0,1
BRDA:113,11,1,1
BRDA:124,12,0,0
BRDA:124,12,1,1
BRF:26
BRH:16
end_of_record
TN:
SF:C:\Users\Kamcio\Desktop\blogging.me\backend\routers\comments.js
FN:12,(anonymous_0)
FN:16,(anonymous_1)
FN:25,(anonymous_2)
FN:26,(anonymous_3)
FN:28,(anonymous_4)
FN:39,(anonymous_5)
FN:69,(anonymous_6)
FN:93,(anonymous_7)
FN:98,(anonymous_8)
FN:99,(anonymous_9)
FNF:10
FNH:5
FNDA:1,(anonymous_0)
FNDA:2,(anonymous_1)
FNDA:0,(anonymous_2)
FNDA:0,(anonymous_3)
FNDA:0,(anonymous_4)
FNDA:3,(anonymous_5)
FNDA:3,(anonymous_6)
FNDA:2,(anonymous_7)
FNDA:0,(anonymous_8)
FNDA:0,(anonymous_9)
DA:1,6
DA:2,6
DA:3,6
DA:4,6
DA:5,6
DA:6,6
DA:7,6
DA:8,6
DA:9,6
DA:10,6
DA:12,6
DA:13,1
DA:16,6
DA:17,2
DA:18,2
DA:20,1
DA:21,1
DA:23,1
DA:25,1
DA:26,0
DA:27,0
DA:28,0
DA:29,0
DA:30,0
DA:36,1
DA:39,6
DA:40,3
DA:41,3
DA:43,2
DA:44,2
DA:46,1
DA:47,1
DA:53,1
DA:55,1
DA:56,1
DA:58,1
DA:59,0
DA:64,1
DA:69,6
DA:70,3
DA:71,3
DA:73,2
DA:74,2
DA:79,2
DA:80,1
DA:82,1
DA:83,0
DA:88,1
DA:93,6
DA:94,2
DA:95,2
DA:96,2
DA:98,1
DA:99,0
DA:100,0
DA:102,0
DA:104,1
DA:106,1
DA:107,0
DA:112,1
DA:115,6
LF:61
LH:50
BRDA:18,0,0,1
BRDA:18,0,1,1
BRDA:27,1,0,0
BRDA:27,1,1,0
BRDA:29,2,0,0
BRDA:29,2,1,0
BRDA:41,3,0,1
BRDA:41,3,1,2
BRDA:44,4,0,1
BRDA:44,4,1,1
BRDA:58,5,0,0
BRDA:58,5,1,1
BRDA:71,6,0,1
BRDA:71,6,1,2
BRDA:79,7,0,1
BRDA:79,7,1,1
BRDA:82,8,0,0
BRDA:82,8,1,1
BRDA:96,9,0,1
BRDA:96,9,1,1
BRDA:106,10,0,0
BRDA:106,10,1,1
BRF:22
BRH:15
end_of_record
TN:
SF:C:\Users\Kamcio\Desktop\blogging.me\backend\routers\login.js
FN:11,(anonymous_0)
FN:27,validate
FNF:2
FNH:2
FNDA:4,(anonymous_0)
FNDA:4,validate
DA:1,6
DA:2,6
DA:3,6
DA:4,6
DA:5,6
DA:6,6
DA:7,6
DA:9,6
DA:11,6
DA:12,4
DA:13,4
DA:15,3
DA:16,3
DA:18,2
DA:19,2
DA:21,1
DA:28,4
DA:39,4
DA:42,6
LF:19
LH:19
BRDA:13,0,0,1
BRDA:13,0,1,3
BRDA:16,1,0,1
BRDA:16,1,1,2
BRDA:19,2,0,1
BRDA:19,2,1,1
BRF:6
BRH:6
end_of_record
TN:
SF:C:\Users\Kamcio\Desktop\blogging.me\backend\routers\posts.js
FN:15,(anonymous_0)
FN:19,getAllFollowersPost
FN:30,(anonymous_2)
FN:31,(anonymous_3)
FN:36,(anonymous_4)
FN:37,(anonymous_5)
FN:38,(anonymous_6)
FN:40,(anonymous_7)
FN:52,(anonymous_8)
FN:53,(anonymous_9)
FN:54,(anonymous_10)
FN:56,(anonymous_11)
FN:60,(anonymous_12)
FN:61,(anonymous_13)
FN:63,(anonymous_14)
FN:87,(anonymous_15)
FN:88,(anonymous_16)
FN:89,(anonymous_17)
FN:97,(anonymous_18)
FN:103,(anonymous_19)
FN:107,(anonymous_20)
FN:143,(anonymous_21)
FN:171,(anonymous_22)
FN:176,(anonymous_23)
FN:177,(anonymous_24)
FNF:25
FNH:7
FNDA:1,(anonymous_0)
FNDA:2,getAllFollowersPost
FNDA:0,(anonymous_2)
FNDA:0,(anonymous_3)
FNDA:1,(anonymous_4)
FNDA:0,(anonymous_5)
FNDA:0,(anonymous_6)
FNDA:0,(anonymous_7)
FNDA:0,(anonymous_8)
FNDA:0,(anonymous_9)
FNDA:0,(anonymous_10)
FNDA:0,(anonymous_11)
FNDA:0,(anonymous_12)
FNDA:0,(anonymous_13)
FNDA:0,(anonymous_14)
FNDA:0,(anonymous_15)
FNDA:0,(anonymous_16)
FNDA:0,(anonymous_17)
FNDA:0,(anonymous_18)
FNDA:2,(anonymous_19)
FNDA:3,(anonymous_20)
FNDA:3,(anonymous_21)
FNDA:2,(anonymous_22)
FNDA:0,(anonymous_23)
FNDA:0,(anonymous_24)
DA:1,6
DA:2,6
DA:3,6
DA:4,6
DA:5,6
DA:6,6
DA:7,6
DA:8,6
DA:9,6
DA:10,6
DA:11,6
DA:12,6
DA:13,6
DA:15,6
DA:16,1
DA:20,2
DA:21,2
DA:23,1
DA:24,1
DA:25,1
DA:26,1
DA:27,1
DA:28,1
DA:30,1
DA:31,0
DA:33,1
DA:34,1
DA:36,1
DA:37,1
DA:38,0
DA:39,0
DA:40,0
DA:41,0
DA:42,0
DA:43,0
DA:51,1
DA:52,1
DA:53,0
DA:54,0
DA:55,0
DA:56,0
DA:57,0
DA:58,0
DA:59,0
DA:60,0
DA:61,0
DA:62,0
DA:63,0
DA:64,0
DA:65,0
DA:72,0
DA:79,0
DA:87,1
DA:88,0
DA:89,0
DA:90,0
DA:91,0
DA:97,1
DA:98,0
DA:100,1
DA:103,6
DA:104,2
DA:107,6
DA:108,3
DA:109,3
DA:111,2
DA:112,2
DA:114,1
DA:118,1
DA:120,1
DA:127,1
DA:129,1
DA:130,1
DA:132,1
DA:133,0
DA:138,1
DA:143,6
DA:144,3
DA:145,3
DA:147,2
DA:149,2
DA:159,2
DA:160,1
DA:161,0
DA:166,1
DA:171,6
DA:172,2
DA:173,2
DA:174,2
DA:176,1
DA:177,0
DA:178,0
DA:180,0
DA:182,1
DA:184,1
DA:185,0
DA:190,1
DA:193,6
LF:98
LH:65
BRDA:21,0,0,1
BRDA:21,0,1,1
BRDA:39,1,0,0
BRDA:39,1,1,0
BRDA:41,2,0,0
BRDA:41,2,1,0
BRDA:55,3,0,0
BRDA:55,3,1,0
BRDA:57,4,0,0
BRDA:57,4,1,0
BRDA:59,5,0,0
BRDA:59,5,1,0
BRDA:62,6,0,0
BRDA:62,6,1,0
BRDA:64,7,0,0
BRDA:64,7,1,0
BRDA:88,8,0,0
BRDA:88,8,1,0
BRDA:90,9,0,0
BRDA:90,9,1,0
BRDA:109,10,0,1
BRDA:109,10,1,2
BRDA:112,11,0,1
BRDA:112,11,1,1
BRDA:124,12,0,0
BRDA:124,12,1,1
BRDA:132,13,0,0
BRDA:132,13,1,1
BRDA:145,14,0,1
BRDA:145,14,1,2
BRDA:155,15,0,0
BRDA:155,15,1,2
BRDA:159,16,0,1
BRDA:159,16,1,1
BRDA:160,17,0,0
BRDA:160,17,1,1
BRDA:174,18,0,1
BRDA:174,18,1,1
BRDA:184,19,0,0
BRDA:184,19,1,1
BRF:40
BRH:17
end_of_record
TN:
SF:C:\Users\Kamcio\Desktop\blogging.me\backend\routers\reactions.js
FN:12,(anonymous_0)
FN:19,(anonymous_1)
FN:32,(anonymous_2)
FN:39,(anonymous_3)
FN:51,(anonymous_4)
FN:58,(anonymous_5)
FNF:6
FNH:3
FNDA:2,(anonymous_0)
FNDA:7,(anonymous_1)
FNDA:0,(anonymous_2)
FNDA:0,(anonymous_3)
FNDA:1,(anonymous_4)
FNDA:0,(anonymous_5)
DA:1,6
DA:2,6
DA:3,6
DA:4,6
DA:5,6
DA:6,6
DA:7,6
DA:8,6
DA:9,6
DA:10,6
DA:12,6
DA:13,2
DA:14,2
DA:16,1
DA:19,6
DA:20,7
DA:21,7
DA:23,6
DA:24,6
DA:25,1
DA:27,5
DA:28,5
DA:30,3
DA:31,1
DA:33,0
DA:36,1
DA:37,1
DA:38,1
DA:40,0
DA:43,0
DA:44,0
DA:47,0
DA:49,2
DA:50,2
DA:52,1
DA:55,1
DA:56,1
DA:57,1
DA:59,0
DA:62,0
DA:63,0
DA:66,1
DA:69,2
DA:72,6
LF:44
LH:36
BRDA:14,0,0,1
BRDA:14,0,1,1
BRDA:21,1,0,1
BRDA:21,1,1,6
BRDA:24,2,0,1
BRDA:24,2,1,5
BRDA:28,3,0,2
BRDA:28,3,1,3
BRDA:30,4,0,1
BRDA:30,4,1,2
BRDA:31,5,0,1
BRDA:31,5,1,0
BRDA:38,6,0,0
BRDA:38,6,1,1
BRDA:49,7,0,2
BRDA:49,7,1,0
BRDA:50,8,0,1
BRDA:50,8,1,1
BRDA:57,9,0,0
BRDA:57,9,1,1
BRF:20
BRH:16
end_of_record
TN:
SF:C:\Users\Kamcio\Desktop\blogging.me\backend\routers\users.js
FN:15,(anonymous_0)
FN:19,(anonymous_1)
FN:25,(anonymous_2)
FN:32,(anonymous_3)
FN:33,(anonymous_4)
FN:37,(anonymous_5)
FN:38,(anonymous_6)
FN:51,(anonymous_7)
FN:56,(anonymous_8)
FN:57,(anonymous_9)
FN:65,(anonymous_10)
FN:68,(anonymous_11)
FN:75,(anonymous_12)
FN:95,(anonymous_13)
FN:115,(anonymous_14)
FN:120,(anonymous_15)
FN:126,(anonymous_16)
FN:141,(anonymous_17)
FN:145,validateUpdateUser
FNF:19
FNH:11
FNDA:1,(anonymous_0)
FNDA:2,(anonymous_1)
FNDA:1,(anonymous_2)
FNDA:0,(anonymous_3)
FNDA:0,(anonymous_4)
FNDA:0,(anonymous_5)
FNDA:0,(anonymous_6)
FNDA:2,(anonymous_7)
FNDA:0,(anonymous_8)
FNDA:0,(anonymous_9)
FNDA:1,(anonymous_10)
FNDA:1,(anonymous_11)
FNDA:3,(anonymous_12)
FNDA:3,(anonymous_13)
FNDA:2,(anonymous_14)
FNDA:0,(anonymous_15)
FNDA:2,(anonymous_16)
FNDA:0,(anonymous_17)
FNDA:2,validateUpdateUser
DA:1,6
DA:2,6
DA:3,6
DA:4,6
DA:5,6
DA:6,6
DA:7,6
DA:8,6
DA:9,6
DA:10,6
DA:11,6
DA:13,6
DA:15,6
DA:16,1
DA:19,6
DA:20,2
DA:21,2
DA:22,1
DA:25,6
DA:26,1
DA:27,1
DA:28,0
DA:29,0
DA:30,0
DA:31,0
DA:32,0
DA:33,0
DA:34,0
DA:37,0
DA:38,0
DA:39,0
DA:40,0
DA:44,0
DA:51,6
DA:52,2
DA:53,2
DA:54,2
DA:56,0
DA:57,0
DA:58,0
DA:62,0
DA:65,6
DA:66,1
DA:67,1
DA:69,1
DA:72,1
DA:75,6
DA:76,3
DA:77,3
DA:79,3
DA:80,3
DA:82,2
DA:85,2
DA:86,2
DA:88,1
DA:89,1
DA:95,6
DA:96,3
DA:97,3
DA:99,2
DA:100,2
DA:101,1
DA:103,1
DA:104,1
DA:106,1
DA:107,0
DA:112,1
DA:115,6
DA:116,2
DA:117,2
DA:119,1
DA:120,0
DA:122,1
DA:123,1
DA:126,6
DA:127,2
DA:128,2
DA:130,2
DA:131,2
DA:132,2
DA:133,2
DA:134,2
DA:135,2
DA:137,2
DA:138,1
DA:141,6
DA:142,0
DA:146,2
DA:152,2
DA:155,6
LF:90
LH:71
BRDA:21,0,0,1
BRDA:21,0,1,1
BRDA:27,1,0,1
BRDA:27,1,1,0
BRDA:34,2,0,0
BRDA:34,2,1,0
BRDA:39,3,0,0
BRDA:39,3,1,0
BRDA:54,4,0,2
BRDA:54,4,1,0
BRDA:77,5,0,1
BRDA:77,5,1,2
BRDA:80,6,0,1
BRDA:80,6,1,2
BRDA:97,7,0,1
BRDA:97,7,1,2
BRDA:100,8,0,1
BRDA:100,8,1,1
BRDA:106,9,0,0
BRDA:106,9,1,1
BRDA:117,10,0,1
BRDA:117,10,1,1
BRDA:128,11,0,1
BRDA:128,11,1,1
BRF:24
BRH:17
end_of_record
TN:
SF:C:\Users\Kamcio\Desktop\blogging.me\backend\startup\config.js
FN:3,(anonymous_0)
FNF:1
FNH:1
FNDA:6,(anonymous_0)
DA:1,6
DA:3,6
DA:4,6
DA:5,0
LF:4
LH:3
BRDA:4,0,0,0
BRDA:4,0,1,6
BRF:2
BRH:1
end_of_record
TN:
SF:C:\Users\Kamcio\Desktop\blogging.me\backend\startup\db.js
FN:5,(anonymous_0)
FN:11,(anonymous_1)
FNF:2
FNH:2
FNDA:6,(anonymous_0)
FNDA:6,(anonymous_1)
DA:1,6
DA:2,6
DA:3,6
DA:5,6
DA:6,6
DA:7,6
DA:11,6
LF:7
LH:7
BRF:0
BRH:0
end_of_record
TN:
SF:C:\Users\Kamcio\Desktop\blogging.me\backend\startup\logging.js
FN:5,(anonymous_0)
FN:10,(anonymous_1)
FNF:2
FNH:1
FNDA:6,(anonymous_0)
FNDA:0,(anonymous_1)
DA:1,6
DA:3,6
DA:5,6
DA:6,6
DA:10,6
DA:11,0
DA:14,6
LF:7
LH:6
BRF:0
BRH:0
end_of_record
TN:
SF:C:\Users\Kamcio\Desktop\blogging.me\backend\startup\routes.js
FN:10,(anonymous_0)
FNF:1
FNH:1
FNDA:6,(anonymous_0)
DA:1,6
DA:3,6
DA:4,6
DA:5,6
DA:6,6
DA:7,6
DA:8,6
DA:10,6
DA:11,6
DA:12,6
DA:13,6
DA:14,6
DA:15,6
DA:16,6
DA:17,6
LF:15
LH:15
BRF:0
BRH:0
end_of_record
TN:
SF:C:\Users\Kamcio\Desktop\blogging.me\backend\startup\validation.js
FN:3,(anonymous_0)
FNF:1
FNH:1
FNDA:6,(anonymous_0)
DA:1,6
DA:3,6
DA:4,6
LF:3
LH:3
BRF:0
BRH:0
end_of_record
